--------------------------------------------------------------------------------
Release 14.7 Trace  (nt64)
Copyright (c) 1995-2013 Xilinx, Inc.  All rights reserved.

C:\Xilinx\14.7\ISE_DS\ISE\bin\nt64\unwrapped\trce.exe -intstyle ise -v 3 -s 2L
-n 3 -fastpaths -xml OExp05_Datapath.twx OExp05_Datapath.ncd -o
OExp05_Datapath.twr OExp05_Datapath.pcf -ucf SOC-Sword.ucf

Design file:              OExp05_Datapath.ncd
Physical constraint file: OExp05_Datapath.pcf
Device,package,speed:     xc7k160t,ffg676,C,-2L (PRODUCTION 1.10 2013-10-13)
Report level:             verbose report

Environment Variable      Effect 
--------------------      ------ 
NONE                      No environment variables were set
--------------------------------------------------------------------------------

INFO:Timing:3412 - To improve timing, see the Timing Closure User Guide (UG612).
INFO:Timing:2752 - To get complete path coverage, use the unconstrained paths 
   option. All paths that are not constrained will be reported in the 
   unconstrained paths section(s) of the report.
INFO:Timing:3339 - The clock-to-out numbers in this timing report are based on 
   a 50 Ohm transmission line loading model.  For the details of this model, 
   and for more information on accounting for different loading conditions, 
   please see the device datasheet.

================================================================================
Timing constraint: TS_CLK_100M = PERIOD TIMEGRP "TM_CLK" 10 ns HIGH 50%;
For more information, see Period Analysis in the Timing Closure User Guide (UG612).

 5103 paths analyzed, 501 endpoints analyzed, 0 failing endpoints
 0 timing errors detected. (0 setup errors, 0 hold errors, 0 component switching limit errors)
 Minimum period is   4.818ns.
--------------------------------------------------------------------------------

Paths for end point U6/M2/S_0_1 (SLICE_X36Y85.CE), 1 path
--------------------------------------------------------------------------------
Slack (setup path):     5.182ns (requirement - (data path - clock path skew + uncertainty))
  Source:               U9/rst (FF)
  Destination:          U6/M2/S_0_1 (FF)
  Requirement:          10.000ns
  Data Path Delay:      4.395ns (Levels of Logic = 1)
  Clock Path Skew:      -0.388ns (0.995 - 1.383)
  Source Clock:         clk_100mhz_BUFGP rising at 0.000ns
  Destination Clock:    clk_100mhz_BUFGP rising at 10.000ns
  Clock Uncertainty:    0.035ns

  Clock Uncertainty:          0.035ns  ((TSJ^2 + TIJ^2)^1/2 + DJ) / 2 + PE
    Total System Jitter (TSJ):  0.070ns
    Total Input Jitter (TIJ):   0.000ns
    Discrete Jitter (DJ):       0.000ns
    Phase Error (PE):           0.000ns

  Maximum Data Path at Slow Process Corner: U9/rst to U6/M2/S_0_1
    Location             Delay type         Delay(ns)  Physical Resource
                                                       Logical Resource(s)
    -------------------------------------------------  -------------------
    SLICE_X107Y32.DQ     Tcko                  0.223   rst
                                                       U9/rst
    SLICE_X36Y84.D2      net (fanout=332)      3.732   rst
    SLICE_X36Y84.D       Tilo                  0.043   U6/M2/rst_inv
                                                       U6/M2/rst_inv1_INV_0
    SLICE_X36Y85.CE      net (fanout=2)        0.196   U6/M2/rst_inv
    SLICE_X36Y85.CLK     Tceck                 0.201   U6/M2/S_0_1
                                                       U6/M2/S_0_1
    -------------------------------------------------  ---------------------------
    Total                                      4.395ns (0.467ns logic, 3.928ns route)
                                                       (10.6% logic, 89.4% route)

--------------------------------------------------------------------------------

Paths for end point U6/M2/EN (SLICE_X37Y85.CE), 1 path
--------------------------------------------------------------------------------
Slack (setup path):     5.182ns (requirement - (data path - clock path skew + uncertainty))
  Source:               U9/rst (FF)
  Destination:          U6/M2/EN (FF)
  Requirement:          10.000ns
  Data Path Delay:      4.395ns (Levels of Logic = 1)
  Clock Path Skew:      -0.388ns (0.995 - 1.383)
  Source Clock:         clk_100mhz_BUFGP rising at 0.000ns
  Destination Clock:    clk_100mhz_BUFGP rising at 10.000ns
  Clock Uncertainty:    0.035ns

  Clock Uncertainty:          0.035ns  ((TSJ^2 + TIJ^2)^1/2 + DJ) / 2 + PE
    Total System Jitter (TSJ):  0.070ns
    Total Input Jitter (TIJ):   0.000ns
    Discrete Jitter (DJ):       0.000ns
    Phase Error (PE):           0.000ns

  Maximum Data Path at Slow Process Corner: U9/rst to U6/M2/EN
    Location             Delay type         Delay(ns)  Physical Resource
                                                       Logical Resource(s)
    -------------------------------------------------  -------------------
    SLICE_X107Y32.DQ     Tcko                  0.223   rst
                                                       U9/rst
    SLICE_X36Y84.D2      net (fanout=332)      3.732   rst
    SLICE_X36Y84.D       Tilo                  0.043   U6/M2/rst_inv
                                                       U6/M2/rst_inv1_INV_0
    SLICE_X37Y85.CE      net (fanout=2)        0.196   U6/M2/rst_inv
    SLICE_X37Y85.CLK     Tceck                 0.201   U6/M2/S<1>
                                                       U6/M2/EN
    -------------------------------------------------  ---------------------------
    Total                                      4.395ns (0.467ns logic, 3.928ns route)
                                                       (10.6% logic, 89.4% route)

--------------------------------------------------------------------------------

Paths for end point U6/M2/S_0 (SLICE_X37Y85.CE), 1 path
--------------------------------------------------------------------------------
Slack (setup path):     5.182ns (requirement - (data path - clock path skew + uncertainty))
  Source:               U9/rst (FF)
  Destination:          U6/M2/S_0 (FF)
  Requirement:          10.000ns
  Data Path Delay:      4.395ns (Levels of Logic = 1)
  Clock Path Skew:      -0.388ns (0.995 - 1.383)
  Source Clock:         clk_100mhz_BUFGP rising at 0.000ns
  Destination Clock:    clk_100mhz_BUFGP rising at 10.000ns
  Clock Uncertainty:    0.035ns

  Clock Uncertainty:          0.035ns  ((TSJ^2 + TIJ^2)^1/2 + DJ) / 2 + PE
    Total System Jitter (TSJ):  0.070ns
    Total Input Jitter (TIJ):   0.000ns
    Discrete Jitter (DJ):       0.000ns
    Phase Error (PE):           0.000ns

  Maximum Data Path at Slow Process Corner: U9/rst to U6/M2/S_0
    Location             Delay type         Delay(ns)  Physical Resource
                                                       Logical Resource(s)
    -------------------------------------------------  -------------------
    SLICE_X107Y32.DQ     Tcko                  0.223   rst
                                                       U9/rst
    SLICE_X36Y84.D2      net (fanout=332)      3.732   rst
    SLICE_X36Y84.D       Tilo                  0.043   U6/M2/rst_inv
                                                       U6/M2/rst_inv1_INV_0
    SLICE_X37Y85.CE      net (fanout=2)        0.196   U6/M2/rst_inv
    SLICE_X37Y85.CLK     Tceck                 0.201   U6/M2/S<1>
                                                       U6/M2/S_0
    -------------------------------------------------  ---------------------------
    Total                                      4.395ns (0.467ns logic, 3.928ns route)
                                                       (10.6% logic, 89.4% route)

--------------------------------------------------------------------------------

Hold Paths: TS_CLK_100M = PERIOD TIMEGRP "TM_CLK" 10 ns HIGH 50%;
--------------------------------------------------------------------------------

Paths for end point U6/M2/sh_clk (SLICE_X37Y89.A6), 1 path
--------------------------------------------------------------------------------
Slack (hold path):      0.149ns (requirement - (clock path skew + uncertainty - data path))
  Source:               U6/M2/sh_clk_1 (FF)
  Destination:          U6/M2/sh_clk (FF)
  Requirement:          0.000ns
  Data Path Delay:      0.149ns (Levels of Logic = 1)
  Clock Path Skew:      0.000ns
  Source Clock:         clk_100mhz_BUFGP rising at 10.000ns
  Destination Clock:    clk_100mhz_BUFGP rising at 10.000ns
  Clock Uncertainty:    0.000ns

  Minimum Data Path at Fast Process Corner: U6/M2/sh_clk_1 to U6/M2/sh_clk
    Location             Delay type         Delay(ns)  Physical Resource
                                                       Logical Resource(s)
    -------------------------------------------------  -------------------
    SLICE_X37Y89.AMUX    Tshcko                0.129   U6/M2/sh_clk
                                                       U6/M2/sh_clk_1
    SLICE_X37Y89.A6      net (fanout=1)        0.052   U6/M2/sh_clk_1
    SLICE_X37Y89.CLK     Tah         (-Th)     0.032   U6/M2/sh_clk
                                                       U6/M2/state[1]_GND_1_o_Select_19_o1
                                                       U6/M2/sh_clk
    -------------------------------------------------  ---------------------------
    Total                                      0.149ns (0.097ns logic, 0.052ns route)
                                                       (65.1% logic, 34.9% route)

--------------------------------------------------------------------------------

Paths for end point U6/M2/state_FSM_FFd1 (SLICE_X36Y86.D6), 1 path
--------------------------------------------------------------------------------
Slack (hold path):      0.169ns (requirement - (clock path skew + uncertainty - data path))
  Source:               U6/M2/Go_1 (FF)
  Destination:          U6/M2/state_FSM_FFd1 (FF)
  Requirement:          0.000ns
  Data Path Delay:      0.181ns (Levels of Logic = 1)
  Clock Path Skew:      0.012ns (0.074 - 0.062)
  Source Clock:         clk_100mhz_BUFGP rising at 10.000ns
  Destination Clock:    clk_100mhz_BUFGP rising at 10.000ns
  Clock Uncertainty:    0.000ns

  Minimum Data Path at Fast Process Corner: U6/M2/Go_1 to U6/M2/state_FSM_FFd1
    Location             Delay type         Delay(ns)  Physical Resource
                                                       Logical Resource(s)
    -------------------------------------------------  -------------------
    SLICE_X36Y87.BQ      Tcko                  0.100   U6/M2/Go<1>
                                                       U6/M2/Go_1
    SLICE_X36Y86.D6      net (fanout=4)        0.114   U6/M2/Go<1>
    SLICE_X36Y86.CLK     Tah         (-Th)     0.033   U6/M2/state_FSM_FFd1
                                                       U6/M2/state_FSM_FFd1-In1
                                                       U6/M2/state_FSM_FFd1
    -------------------------------------------------  ---------------------------
    Total                                      0.181ns (0.067ns logic, 0.114ns route)
                                                       (37.0% logic, 63.0% route)

--------------------------------------------------------------------------------

Paths for end point U6/M2/S_0_1 (SLICE_X36Y85.D6), 1 path
--------------------------------------------------------------------------------
Slack (hold path):      0.181ns (requirement - (clock path skew + uncertainty - data path))
  Source:               U6/M2/Go_1 (FF)
  Destination:          U6/M2/S_0_1 (FF)
  Requirement:          0.000ns
  Data Path Delay:      0.193ns (Levels of Logic = 1)
  Clock Path Skew:      0.012ns (0.074 - 0.062)
  Source Clock:         clk_100mhz_BUFGP rising at 10.000ns
  Destination Clock:    clk_100mhz_BUFGP rising at 10.000ns
  Clock Uncertainty:    0.000ns

  Minimum Data Path at Fast Process Corner: U6/M2/Go_1 to U6/M2/S_0_1
    Location             Delay type         Delay(ns)  Physical Resource
                                                       Logical Resource(s)
    -------------------------------------------------  -------------------
    SLICE_X36Y87.BQ      Tcko                  0.100   U6/M2/Go<1>
                                                       U6/M2/Go_1
    SLICE_X36Y85.D6      net (fanout=4)        0.126   U6/M2/Go<1>
    SLICE_X36Y85.CLK     Tah         (-Th)     0.033   U6/M2/S_0_1
                                                       U6/M2/state[1]_PWR_1_o_select_17_OUT<0>1
                                                       U6/M2/S_0_1
    -------------------------------------------------  ---------------------------
    Total                                      0.193ns (0.067ns logic, 0.126ns route)
                                                       (34.7% logic, 65.3% route)

--------------------------------------------------------------------------------

Component Switching Limit Checks: TS_CLK_100M = PERIOD TIMEGRP "TM_CLK" 10 ns HIGH 50%;
--------------------------------------------------------------------------------
Slack: 8.161ns (period - min period limit)
  Period: 10.000ns
  Min period limit: 1.839ns (543.774MHz) (Trper_CLKA)
  Physical resource: U3/U0/xst_blk_mem_generator/gnativebmg.native_blk_mem_gen/valid.cstr/ramloop[0].ram.r/v6_init.ram/NO_BMM_INFO.SP.SIMPLE_PRIM36.ram/CLKARDCLKL
  Logical resource: U3/U0/xst_blk_mem_generator/gnativebmg.native_blk_mem_gen/valid.cstr/ramloop[0].ram.r/v6_init.ram/NO_BMM_INFO.SP.SIMPLE_PRIM36.ram/CLKARDCLKL
  Location pin: RAMB36_X2Y10.CLKARDCLKL
  Clock network: clk_100mhz_BUFGP
--------------------------------------------------------------------------------
Slack: 8.161ns (period - min period limit)
  Period: 10.000ns
  Min period limit: 1.839ns (543.774MHz) (Trper_CLKA)
  Physical resource: U3/U0/xst_blk_mem_generator/gnativebmg.native_blk_mem_gen/valid.cstr/ramloop[0].ram.r/v6_init.ram/NO_BMM_INFO.SP.SIMPLE_PRIM36.ram/CLKARDCLKU
  Logical resource: U3/U0/xst_blk_mem_generator/gnativebmg.native_blk_mem_gen/valid.cstr/ramloop[0].ram.r/v6_init.ram/NO_BMM_INFO.SP.SIMPLE_PRIM36.ram/CLKARDCLKU
  Location pin: RAMB36_X2Y10.CLKARDCLKU
  Clock network: clk_100mhz_BUFGP
--------------------------------------------------------------------------------
Slack: 8.161ns (period - min period limit)
  Period: 10.000ns
  Min period limit: 1.839ns (543.774MHz) (Trper_CLKB)
  Physical resource: U3/U0/xst_blk_mem_generator/gnativebmg.native_blk_mem_gen/valid.cstr/ramloop[0].ram.r/v6_init.ram/NO_BMM_INFO.SP.SIMPLE_PRIM36.ram/CLKBWRCLKL
  Logical resource: U3/U0/xst_blk_mem_generator/gnativebmg.native_blk_mem_gen/valid.cstr/ramloop[0].ram.r/v6_init.ram/NO_BMM_INFO.SP.SIMPLE_PRIM36.ram/CLKBWRCLKL
  Location pin: RAMB36_X2Y10.CLKBWRCLKL
  Clock network: clk_100mhz_BUFGP
--------------------------------------------------------------------------------


All constraints were met.


Data Sheet report:
-----------------
All values displayed in nanoseconds (ns)

Clock to Setup on destination clock clk_100mhz
---------------+---------+---------+---------+---------+
               | Src:Rise| Src:Fall| Src:Rise| Src:Fall|
Source Clock   |Dest:Rise|Dest:Rise|Dest:Fall|Dest:Fall|
---------------+---------+---------+---------+---------+
clk_100mhz     |    4.818|         |         |         |
---------------+---------+---------+---------+---------+


Timing summary:
---------------

Timing errors: 0  Score: 0  (Setup/Max: 0, Hold: 0)

Constraints cover 5103 paths, 0 nets, and 648 connections

Design statistics:
   Minimum period:   4.818ns{1}   (Maximum frequency: 207.555MHz)


------------------------------------Footnotes-----------------------------------
1)  The minimum period statistic assumes all single cycle delays.

Analysis completed Wed Apr 19 20:39:00 2017 
--------------------------------------------------------------------------------

Trace Settings:
-------------------------
Trace Settings 

Peak Memory Usage: 787 MB



