Release 14.7 - xst P.20131013 (nt64)
Copyright (c) 1995-2013 Xilinx, Inc.  All rights reserved.
--> Parameter TMPDIR set to xst/projnav.tmp


Total REAL time to Xst completion: 0.00 secs
Total CPU time to Xst completion: 0.92 secs
 
--> Parameter xsthdpdir set to xst


Total REAL time to Xst completion: 1.00 secs
Total CPU time to Xst completion: 0.92 secs
 
--> Reading design: Top.prj

TABLE OF CONTENTS
  1) Synthesis Options Summary
  2) HDL Parsing
  3) HDL Elaboration
  4) HDL Synthesis
       4.1) HDL Synthesis Report
  5) Advanced HDL Synthesis
       5.1) Advanced HDL Synthesis Report
  6) Low Level Synthesis
  7) Partition Report
  8) Design Summary
       8.1) Primitive and Black Box Usage
       8.2) Device utilization summary
       8.3) Partition Resource Summary
       8.4) Timing Report
            8.4.1) Clock Information
            8.4.2) Asynchronous Control Signals Information
            8.4.3) Timing Summary
            8.4.4) Timing Details
            8.4.5) Cross Clock Domains Report


=========================================================================
*                      Synthesis Options Summary                        *
=========================================================================
---- Source Parameters
Input File Name                    : "Top.prj"
Ignore Synthesis Constraint File   : NO

---- Target Parameters
Output File Name                   : "Top"
Output Format                      : NGC
Target Device                      : xc7k160t-2L-fbg676

---- Source Options
Top Module Name                    : Top
Automatic FSM Extraction           : YES
FSM Encoding Algorithm             : Auto
Safe Implementation                : No
FSM Style                          : LUT
RAM Extraction                     : Yes
RAM Style                          : Auto
ROM Extraction                     : Yes
Shift Register Extraction          : YES
ROM Style                          : Auto
Resource Sharing                   : YES
Asynchronous To Synchronous        : NO
Shift Register Minimum Size        : 2
Use DSP Block                      : Auto
Automatic Register Balancing       : No

---- Target Options
LUT Combining                      : Auto
Reduce Control Sets                : Auto
Add IO Buffers                     : YES
Global Maximum Fanout              : 100000
Add Generic Clock Buffer(BUFG)     : 32
Register Duplication               : YES
Optimize Instantiated Primitives   : NO
Use Clock Enable                   : Auto
Use Synchronous Set                : Auto
Use Synchronous Reset              : Auto
Pack IO Registers into IOBs        : Auto
Equivalent register Removal        : YES

---- General Options
Optimization Goal                  : Speed
Optimization Effort                : 1
Power Reduction                    : NO
Keep Hierarchy                     : No
Netlist Hierarchy                  : As_Optimized
RTL Output                         : Yes
Global Optimization                : AllClockNets
Read Cores                         : YES
Write Timing Constraints           : NO
Cross Clock Analysis               : NO
Hierarchy Separator                : /
Bus Delimiter                      : <>
Case Specifier                     : Maintain
Slice Utilization Ratio            : 100
BRAM Utilization Ratio             : 100
DSP48 Utilization Ratio            : 100
Auto BRAM Packing                  : NO
Slice Utilization Ratio Delta      : 5

---- Other Options
Cores Search Directories           : {"Code" "ipcore_dir"  }

=========================================================================


=========================================================================
*                          HDL Parsing                                  *
=========================================================================
Analyzing Verilog file "D:\zxd_CS\CC\OExp03-IP2SOC_DIY\MC14495_ZJU.vf" into library work
Parsing module <MC14495_ZJU>.
Analyzing Verilog file "D:\zxd_CS\CC\OExp03-IP2SOC_DIY\Code\SSeg_map.v" into library work
Parsing module <SSeg_map>.
Analyzing Verilog file "D:\zxd_CS\CC\OExp03-IP2SOC_DIY\Code\P2S_IO.v" into library work
Parsing module <P2S>.
Analyzing Verilog file "D:\zxd_CS\CC\OExp03-IP2SOC_DIY\Code\MUX2T1_64.v" into library work
Parsing module <MUX2T1_64>.
Analyzing Verilog file "D:\zxd_CS\CC\OExp03-IP2SOC_DIY\Code\LEDP2S_IO.v" into library work
Parsing module <LEDP2S>.
Analyzing Verilog file "D:\zxd_CS\CC\OExp03-IP2SOC_DIY\Code\HexTo8SEG.v" into library work
Parsing module <HexTo8SEG>.
Parsing module <Hex2Seg>.
Analyzing Verilog file "D:\zxd_CS\CC\OExp03-IP2SOC_DIY\ipcore_dir\ROM_D.v" into library work
Parsing module <ROM_D>.
Analyzing Verilog file "D:\zxd_CS\CC\OExp03-IP2SOC_DIY\ipcore_dir\RAM_B.v" into library work
Parsing module <RAM_B>.
Analyzing Verilog file "D:\zxd_CS\CC\OExp03-IP2SOC_DIY\Code\SEnter_2_32_IO.v" into library work
Parsing module <SEnter_2_32>.
Analyzing Verilog file "D:\zxd_CS\CC\OExp03-IP2SOC_DIY\Code\Seg7_Dev_IO.v" into library work
Parsing module <Seg7_Dev>.
Analyzing Verilog file "D:\zxd_CS\CC\OExp03-IP2SOC_DIY\Code\SCPU.v" into library work
Parsing module <SCPU>.
Analyzing Verilog file "D:\zxd_CS\CC\OExp03-IP2SOC_DIY\Code\SAnti_jitter_IO.v" into library work
Parsing module <SAnti_jitter>.
Analyzing Verilog file "D:\zxd_CS\CC\OExp03-IP2SOC_DIY\Code\PIO_IO.v" into library work
Parsing module <PIO>.
Analyzing Verilog file "D:\zxd_CS\CC\OExp03-IP2SOC_DIY\Code\Multi_8CH32_IO.v" into library work
Parsing module <Multi_8CH32>.
Analyzing Verilog file "D:\zxd_CS\CC\OExp03-IP2SOC_DIY\Code\MIO_BUS_IO.v" into library work
Parsing module <MIO_BUS>.
Analyzing Verilog file "D:\zxd_CS\CC\OExp03-IP2SOC_DIY\Code\GPIO.v" into library work
Parsing module <GPIO>.
Analyzing Verilog file "D:\zxd_CS\CC\OExp03-IP2SOC_DIY\Display.vf" into library work
Parsing module <Display>.
Analyzing Verilog file "D:\zxd_CS\CC\OExp03-IP2SOC_DIY\Code\Counter_3_IO.v" into library work
Parsing module <Counter>.
Analyzing Verilog file "D:\zxd_CS\CC\OExp03-IP2SOC_DIY\Code\clk_div.v" into library work
Parsing module <clk_div>.
Analyzing Verilog file "D:\zxd_CS\CC\OExp03-IP2SOC_DIY\Top.vf" into library work
Parsing module <Display_MUSER_Top>.
Parsing module <Top>.

=========================================================================
*                            HDL Elaboration                            *
=========================================================================
WARNING:HDLCompiler:1016 - "D:\zxd_CS\CC\OExp03-IP2SOC_DIY\Top.vf" Line 302: Port d is not connected to this instance

Elaborating module <Top>.

Elaborating module <SAnti_jitter>.
WARNING:HDLCompiler:1499 - "D:\zxd_CS\CC\OExp03-IP2SOC_DIY\Code\SAnti_jitter_IO.v" Line 21: Empty module <SAnti_jitter> remains a black box.
WARNING:HDLCompiler:1127 - "D:\zxd_CS\CC\OExp03-IP2SOC_DIY\Top.vf" Line 174: Assignment to Pulse ignored, since the identifier is never used

Elaborating module <clk_div>.

Elaborating module <SEnter_2_32>.
WARNING:HDLCompiler:1499 - "D:\zxd_CS\CC\OExp03-IP2SOC_DIY\Code\SEnter_2_32_IO.v" Line 21: Empty module <SEnter_2_32> remains a black box.
WARNING:HDLCompiler:1127 - "D:\zxd_CS\CC\OExp03-IP2SOC_DIY\Top.vf" Line 188: Assignment to Bi ignored, since the identifier is never used
WARNING:HDLCompiler:1127 - "D:\zxd_CS\CC\OExp03-IP2SOC_DIY\Top.vf" Line 189: Assignment to blink ignored, since the identifier is never used

Elaborating module <Multi_8CH32>.
WARNING:HDLCompiler:1499 - "D:\zxd_CS\CC\OExp03-IP2SOC_DIY\Code\Multi_8CH32_IO.v" Line 21: Empty module <Multi_8CH32> remains a black box.

Elaborating module <VCC>.
WARNING:HDLCompiler:1127 - "D:\zxd_CS\CC\OExp03-IP2SOC_DIY\Top.vf" Line 212: Assignment to V5 ignored, since the identifier is never used

Elaborating module <GND>.

Elaborating module <BUF>.

Elaborating module <Seg7_Dev>.
WARNING:HDLCompiler:1499 - "D:\zxd_CS\CC\OExp03-IP2SOC_DIY\Code\Seg7_Dev_IO.v" Line 21: Empty module <Seg7_Dev> remains a black box.

Elaborating module <PIO>.
WARNING:HDLCompiler:1499 - "D:\zxd_CS\CC\OExp03-IP2SOC_DIY\Code\PIO_IO.v" Line 21: Empty module <PIO> remains a black box.

Elaborating module <Display_MUSER_Top>.

Elaborating module <P2S>.
WARNING:HDLCompiler:1499 - "D:\zxd_CS\CC\OExp03-IP2SOC_DIY\Code\P2S_IO.v" Line 21: Empty module <P2S> remains a black box.

Elaborating module <HexTo8SEG>.

Elaborating module <Hex2Seg>.

Elaborating module <MC14495_ZJU>.

Elaborating module <AND4>.

Elaborating module <AND3>.

Elaborating module <AND2>.

Elaborating module <OR2>.

Elaborating module <OR3>.

Elaborating module <OR4>.

Elaborating module <INV>.

Elaborating module <MUX2T1_64>.

Elaborating module <SSeg_map>.

Elaborating module <GPIO>.

Elaborating module <LEDP2S(DATA_BITS=16,DATA_COUNT_BITS=4,DIR=0)>.
WARNING:HDLCompiler:1499 - "D:\zxd_CS\CC\OExp03-IP2SOC_DIY\Code\LEDP2S_IO.v" Line 21: Empty module <LEDP2S(DATA_BITS=16,DATA_COUNT_BITS=4,DIR=0)> remains a black box.

Elaborating module <MIO_BUS>.
WARNING:HDLCompiler:1499 - "D:\zxd_CS\CC\OExp03-IP2SOC_DIY\Code\MIO_BUS_IO.v" Line 21: Empty module <MIO_BUS> remains a black box.

Elaborating module <Counter>.
WARNING:HDLCompiler:1127 - "D:\zxd_CS\CC\OExp03-IP2SOC_DIY\Code\Counter_3_IO.v" Line 43: Assignment to M2 ignored, since the identifier is never used
WARNING:HDLCompiler:634 - "D:\zxd_CS\CC\OExp03-IP2SOC_DIY\Code\Counter_3_IO.v" Line 36: Net <counter1[32]> does not have a driver.

Elaborating module <SCPU>.
WARNING:HDLCompiler:1499 - "D:\zxd_CS\CC\OExp03-IP2SOC_DIY\Code\SCPU.v" Line 21: Empty module <SCPU> remains a black box.

Elaborating module <ROM_D>.
WARNING:HDLCompiler:1499 - "D:\zxd_CS\CC\OExp03-IP2SOC_DIY\ipcore_dir\ROM_D.v" Line 39: Empty module <ROM_D> remains a black box.

Elaborating module <RAM_B>.
WARNING:HDLCompiler:1499 - "D:\zxd_CS\CC\OExp03-IP2SOC_DIY\ipcore_dir\RAM_B.v" Line 39: Empty module <RAM_B> remains a black box.
WARNING:HDLCompiler:634 - "D:\zxd_CS\CC\OExp03-IP2SOC_DIY\Top.vf" Line 117: Net <Addr_out[31]> does not have a driver.
WARNING:HDLCompiler:634 - "D:\zxd_CS\CC\OExp03-IP2SOC_DIY\Top.vf" Line 122: Net <Counter_out[31]> does not have a driver.
WARNING:HDLCompiler:634 - "D:\zxd_CS\CC\OExp03-IP2SOC_DIY\Top.vf" Line 124: Net <Data_in[31]> does not have a driver.
WARNING:HDLCompiler:634 - "D:\zxd_CS\CC\OExp03-IP2SOC_DIY\Top.vf" Line 125: Net <Data_out[31]> does not have a driver.
WARNING:HDLCompiler:634 - "D:\zxd_CS\CC\OExp03-IP2SOC_DIY\Top.vf" Line 128: Net <GPIOF0> does not have a driver.
WARNING:HDLCompiler:552 - "D:\zxd_CS\CC\OExp03-IP2SOC_DIY\Top.vf" Line 289: Input port MIO_ready is not connected on this instance
WARNING:HDLCompiler:552 - "D:\zxd_CS\CC\OExp03-IP2SOC_DIY\Top.vf" Line 302: Input port d[31] is not connected on this instance

=========================================================================
*                           HDL Synthesis                               *
=========================================================================

Synthesizing Unit <Top>.
    Related source file is "D:\zxd_CS\CC\OExp03-IP2SOC_DIY\Top.vf".
INFO:Xst:3210 - "D:\zxd_CS\CC\OExp03-IP2SOC_DIY\Top.vf" line 164: Output port <pulse_out> of the instance <XLXI_1> is unconnected or connected to loadless signal.
INFO:Xst:3210 - "D:\zxd_CS\CC\OExp03-IP2SOC_DIY\Top.vf" line 182: Output port <Bi> of the instance <XLXI_3> is unconnected or connected to loadless signal.
INFO:Xst:3210 - "D:\zxd_CS\CC\OExp03-IP2SOC_DIY\Top.vf" line 182: Output port <blink> of the instance <XLXI_3> is unconnected or connected to loadless signal.
INFO:Xst:3210 - "D:\zxd_CS\CC\OExp03-IP2SOC_DIY\Top.vf" line 225: Output port <counter_set> of the instance <XLXI_23> is unconnected or connected to loadless signal.
INFO:Xst:3210 - "D:\zxd_CS\CC\OExp03-IP2SOC_DIY\Top.vf" line 225: Output port <GPIOf0> of the instance <XLXI_23> is unconnected or connected to loadless signal.
INFO:Xst:3210 - "D:\zxd_CS\CC\OExp03-IP2SOC_DIY\Top.vf" line 244: Output port <GPIOf0> of the instance <XLXI_25> is unconnected or connected to loadless signal.
INFO:Xst:3210 - "D:\zxd_CS\CC\OExp03-IP2SOC_DIY\Top.vf" line 289: Output port <CPU_MIO> of the instance <XLXI_28> is unconnected or connected to loadless signal.
WARNING:Xst:653 - Signal <Addr_out> is used but never assigned. This sourceless signal will be automatically connected to value GND.
WARNING:Xst:653 - Signal <Counter_out> is used but never assigned. This sourceless signal will be automatically connected to value GND.
WARNING:Xst:653 - Signal <Data_in> is used but never assigned. This sourceless signal will be automatically connected to value GND.
WARNING:Xst:653 - Signal <Data_out> is used but never assigned. This sourceless signal will be automatically connected to value GND.
WARNING:Xst:653 - Signal <GPIOF0> is used but never assigned. This sourceless signal will be automatically connected to value GND.
    Summary:
	no macro.
Unit <Top> synthesized.

Synthesizing Unit <clk_div>.
    Related source file is "D:\zxd_CS\CC\OExp03-IP2SOC_DIY\Code\clk_div.v".
    Found 32-bit register for signal <clkdiv>.
    Found 32-bit adder for signal <clkdiv[31]_GND_3_o_add_0_OUT> created at line 32.
    Summary:
	inferred   1 Adder/Subtractor(s).
	inferred  32 D-type flip-flop(s).
	inferred   1 Multiplexer(s).
Unit <clk_div> synthesized.

Synthesizing Unit <Display_MUSER_Top>.
    Related source file is "D:\zxd_CS\CC\OExp03-IP2SOC_DIY\Top.vf".
    Summary:
	no macro.
Unit <Display_MUSER_Top> synthesized.

Synthesizing Unit <HexTo8SEG>.
    Related source file is "D:\zxd_CS\CC\OExp03-IP2SOC_DIY\Code\HexTo8SEG.v".
    Summary:
	no macro.
Unit <HexTo8SEG> synthesized.

Synthesizing Unit <Hex2Seg>.
    Related source file is "D:\zxd_CS\CC\OExp03-IP2SOC_DIY\Code\HexTo8SEG.v".
    Summary:
	no macro.
Unit <Hex2Seg> synthesized.

Synthesizing Unit <MC14495_ZJU>.
    Related source file is "D:\zxd_CS\CC\OExp03-IP2SOC_DIY\MC14495_ZJU.vf".
    Summary:
	no macro.
Unit <MC14495_ZJU> synthesized.

Synthesizing Unit <MUX2T1_64>.
    Related source file is "D:\zxd_CS\CC\OExp03-IP2SOC_DIY\Code\MUX2T1_64.v".
    Summary:
	inferred   1 Multiplexer(s).
Unit <MUX2T1_64> synthesized.

Synthesizing Unit <SSeg_map>.
    Related source file is "D:\zxd_CS\CC\OExp03-IP2SOC_DIY\Code\SSeg_map.v".
WARNING:Xst:647 - Input <Disp_num<63:32>> is never used. This port will be preserved and left unconnected if it belongs to a top-level block or it belongs to a sub-block and the hierarchy of this sub-block is preserved.
    Summary:
	no macro.
Unit <SSeg_map> synthesized.

Synthesizing Unit <GPIO>.
    Related source file is "D:\zxd_CS\CC\OExp03-IP2SOC_DIY\Code\GPIO.v".
WARNING:Xst:653 - Signal <GPIOf0<31:14>> is used but never assigned. This sourceless signal will be automatically connected to value GND.
    Found 2-bit register for signal <counter_set>.
    Found 16-bit register for signal <LED>.
    Found 1-bit register for signal <GPIOf0<13>>.
    Found 1-bit register for signal <GPIOf0<12>>.
    Found 1-bit register for signal <GPIOf0<11>>.
    Found 1-bit register for signal <GPIOf0<10>>.
    Found 1-bit register for signal <GPIOf0<9>>.
    Found 1-bit register for signal <GPIOf0<8>>.
    Found 1-bit register for signal <GPIOf0<7>>.
    Found 1-bit register for signal <GPIOf0<6>>.
    Found 1-bit register for signal <GPIOf0<5>>.
    Found 1-bit register for signal <GPIOf0<4>>.
    Found 1-bit register for signal <GPIOf0<3>>.
    Found 1-bit register for signal <GPIOf0<2>>.
    Found 1-bit register for signal <GPIOf0<1>>.
    Found 1-bit register for signal <GPIOf0<0>>.
    Summary:
	inferred  32 D-type flip-flop(s).
Unit <GPIO> synthesized.

Synthesizing Unit <Counter>.
    Related source file is "D:\zxd_CS\CC\OExp03-IP2SOC_DIY\Code\Counter_3_IO.v".
WARNING:Xst:647 - Input <clk1> is never used. This port will be preserved and left unconnected if it belongs to a top-level block or it belongs to a sub-block and the hierarchy of this sub-block is preserved.
WARNING:Xst:647 - Input <clk2> is never used. This port will be preserved and left unconnected if it belongs to a top-level block or it belongs to a sub-block and the hierarchy of this sub-block is preserved.
WARNING:Xst:653 - Signal <counter1<32>> is used but never assigned. This sourceless signal will be automatically connected to value GND.
WARNING:Xst:653 - Signal <counter2<32>> is used but never assigned. This sourceless signal will be automatically connected to value GND.
    Found 24-bit register for signal <counter_Ctrl>.
    Found 33-bit register for signal <counter0>.
    Found 32-bit register for signal <counter0_Lock>.
    Found 1-bit register for signal <sq0>.
    Found 1-bit register for signal <M0>.
    Found 1-bit register for signal <clr0>.
    Found 33-bit subtractor for signal <counter0[32]_GND_29_o_sub_26_OUT> created at line 77.
    Found 33-bit 4-to-1 multiplexer for signal <counter_Ctrl[2]_counter0[32]_wide_mux_26_OUT> created at line 70.
    Found 1-bit comparator not equal for signal <n0017> created at line 76
    Summary:
	inferred   1 Adder/Subtractor(s).
	inferred  92 D-type flip-flop(s).
	inferred   1 Comparator(s).
	inferred   5 Multiplexer(s).
Unit <Counter> synthesized.

=========================================================================
HDL Synthesis Report

Macro Statistics
# Adders/Subtractors                                   : 2
 32-bit adder                                          : 1
 33-bit subtractor                                     : 1
# Registers                                            : 23
 1-bit register                                        : 17
 16-bit register                                       : 1
 2-bit register                                        : 1
 24-bit register                                       : 1
 32-bit register                                       : 2
 33-bit register                                       : 1
# Comparators                                          : 1
 1-bit comparator not equal                            : 1
# Multiplexers                                         : 7
 1-bit 2-to-1 multiplexer                              : 1
 33-bit 2-to-1 multiplexer                             : 4
 33-bit 4-to-1 multiplexer                             : 1
 64-bit 2-to-1 multiplexer                             : 1

=========================================================================

=========================================================================
*                       Advanced HDL Synthesis                          *
=========================================================================

Reading core <Code/SAnti_jitter.ngc>.
Reading core <Code/SEnter_2_32.ngc>.
Reading core <Code/PIO.ngc>.
Reading core <Code/MIO_BUS.ngc>.
Reading core <ipcore_dir/RAM_B.ngc>.
Reading core <Code/Multi_8CH32.ngc>.
Reading core <Code/SCPU.ngc>.
Reading core <Code/Seg7_Dev.ngc>.
Reading core <ipcore_dir/ROM_D.ngc>.
Reading core <Code/P2S.ngc>.
Reading core <Code/LEDP2S.ngc>.
Loading core <SAnti_jitter> for timing and area information for instance <XLXI_1>.
Loading core <SEnter_2_32> for timing and area information for instance <XLXI_3>.
Loading core <PIO> for timing and area information for instance <XLXI_23>.
Loading core <MIO_BUS> for timing and area information for instance <XLXI_26>.
Loading core <RAM_B> for timing and area information for instance <XLXI_40>.
Loading core <Multi_8CH32> for timing and area information for instance <XLXI_5>.
Loading core <SCPU> for timing and area information for instance <XLXI_28>.
Loading core <Seg7_Dev> for timing and area information for instance <XLXI_20>.
Loading core <ROM_D> for timing and area information for instance <XLXI_39>.
Loading core <P2S> for timing and area information for instance <M2>.
Loading core <LEDP2S> for timing and area information for instance <P2LED>.
WARNING:Xst:2677 - Node <counter_Ctrl_0> of sequential type is unconnected in block <XLXI_27>.
WARNING:Xst:2677 - Node <counter_Ctrl_3> of sequential type is unconnected in block <XLXI_27>.
WARNING:Xst:2677 - Node <counter_Ctrl_4> of sequential type is unconnected in block <XLXI_27>.
WARNING:Xst:2677 - Node <counter_Ctrl_5> of sequential type is unconnected in block <XLXI_27>.
WARNING:Xst:2677 - Node <counter_Ctrl_6> of sequential type is unconnected in block <XLXI_27>.
WARNING:Xst:2677 - Node <counter_Ctrl_7> of sequential type is unconnected in block <XLXI_27>.
WARNING:Xst:2677 - Node <counter_Ctrl_8> of sequential type is unconnected in block <XLXI_27>.
WARNING:Xst:2677 - Node <counter_Ctrl_9> of sequential type is unconnected in block <XLXI_27>.
WARNING:Xst:2677 - Node <counter_Ctrl_10> of sequential type is unconnected in block <XLXI_27>.
WARNING:Xst:2677 - Node <counter_Ctrl_11> of sequential type is unconnected in block <XLXI_27>.
WARNING:Xst:2677 - Node <counter_Ctrl_12> of sequential type is unconnected in block <XLXI_27>.
WARNING:Xst:2677 - Node <counter_Ctrl_13> of sequential type is unconnected in block <XLXI_27>.
WARNING:Xst:2677 - Node <counter_Ctrl_14> of sequential type is unconnected in block <XLXI_27>.
WARNING:Xst:2677 - Node <counter_Ctrl_15> of sequential type is unconnected in block <XLXI_27>.
WARNING:Xst:2677 - Node <counter_Ctrl_16> of sequential type is unconnected in block <XLXI_27>.
WARNING:Xst:2677 - Node <counter_Ctrl_17> of sequential type is unconnected in block <XLXI_27>.
WARNING:Xst:2677 - Node <counter_Ctrl_18> of sequential type is unconnected in block <XLXI_27>.
WARNING:Xst:2677 - Node <counter_Ctrl_19> of sequential type is unconnected in block <XLXI_27>.
WARNING:Xst:2677 - Node <counter_Ctrl_20> of sequential type is unconnected in block <XLXI_27>.
WARNING:Xst:2677 - Node <counter_Ctrl_21> of sequential type is unconnected in block <XLXI_27>.
WARNING:Xst:2677 - Node <counter_Ctrl_22> of sequential type is unconnected in block <XLXI_27>.
WARNING:Xst:2677 - Node <counter_Ctrl_23> of sequential type is unconnected in block <XLXI_27>.

Synthesizing (advanced) Unit <clk_div>.
The following registers are absorbed into counter <clkdiv>: 1 register on signal <clkdiv>.
Unit <clk_div> synthesized (advanced).
WARNING:Xst:2677 - Node <counter_Ctrl_0> of sequential type is unconnected in block <Counter>.
WARNING:Xst:2677 - Node <counter_Ctrl_3> of sequential type is unconnected in block <Counter>.
WARNING:Xst:2677 - Node <counter_Ctrl_4> of sequential type is unconnected in block <Counter>.
WARNING:Xst:2677 - Node <counter_Ctrl_5> of sequential type is unconnected in block <Counter>.
WARNING:Xst:2677 - Node <counter_Ctrl_6> of sequential type is unconnected in block <Counter>.
WARNING:Xst:2677 - Node <counter_Ctrl_7> of sequential type is unconnected in block <Counter>.
WARNING:Xst:2677 - Node <counter_Ctrl_8> of sequential type is unconnected in block <Counter>.
WARNING:Xst:2677 - Node <counter_Ctrl_9> of sequential type is unconnected in block <Counter>.
WARNING:Xst:2677 - Node <counter_Ctrl_10> of sequential type is unconnected in block <Counter>.
WARNING:Xst:2677 - Node <counter_Ctrl_11> of sequential type is unconnected in block <Counter>.
WARNING:Xst:2677 - Node <counter_Ctrl_12> of sequential type is unconnected in block <Counter>.
WARNING:Xst:2677 - Node <counter_Ctrl_13> of sequential type is unconnected in block <Counter>.
WARNING:Xst:2677 - Node <counter_Ctrl_14> of sequential type is unconnected in block <Counter>.
WARNING:Xst:2677 - Node <counter_Ctrl_15> of sequential type is unconnected in block <Counter>.
WARNING:Xst:2677 - Node <counter_Ctrl_16> of sequential type is unconnected in block <Counter>.
WARNING:Xst:2677 - Node <counter_Ctrl_17> of sequential type is unconnected in block <Counter>.
WARNING:Xst:2677 - Node <counter_Ctrl_18> of sequential type is unconnected in block <Counter>.
WARNING:Xst:2677 - Node <counter_Ctrl_19> of sequential type is unconnected in block <Counter>.
WARNING:Xst:2677 - Node <counter_Ctrl_20> of sequential type is unconnected in block <Counter>.
WARNING:Xst:2677 - Node <counter_Ctrl_21> of sequential type is unconnected in block <Counter>.
WARNING:Xst:2677 - Node <counter_Ctrl_22> of sequential type is unconnected in block <Counter>.
WARNING:Xst:2677 - Node <counter_Ctrl_23> of sequential type is unconnected in block <Counter>.

=========================================================================
Advanced HDL Synthesis Report

Macro Statistics
# Adders/Subtractors                                   : 1
 33-bit subtractor                                     : 1
# Counters                                             : 1
 32-bit up counter                                     : 1
# Registers                                            : 102
 Flip-Flops                                            : 102
# Comparators                                          : 1
 1-bit comparator not equal                            : 1
# Multiplexers                                         : 70
 1-bit 2-to-1 multiplexer                              : 66
 33-bit 2-to-1 multiplexer                             : 2
 33-bit 4-to-1 multiplexer                             : 1
 64-bit 2-to-1 multiplexer                             : 1

=========================================================================

=========================================================================
*                         Low Level Synthesis                           *
=========================================================================

Optimizing unit <MC14495_ZJU> ...

Optimizing unit <Top> ...

Optimizing unit <HexTo8SEG> ...

Optimizing unit <GPIO> ...

Optimizing unit <Counter> ...
WARNING:Xst:2677 - Node <XLXI_25/GPIOf0_0> of sequential type is unconnected in block <Top>.
WARNING:Xst:2677 - Node <XLXI_25/GPIOf0_1> of sequential type is unconnected in block <Top>.
WARNING:Xst:2677 - Node <XLXI_25/GPIOf0_2> of sequential type is unconnected in block <Top>.
WARNING:Xst:2677 - Node <XLXI_25/GPIOf0_3> of sequential type is unconnected in block <Top>.
WARNING:Xst:2677 - Node <XLXI_25/GPIOf0_4> of sequential type is unconnected in block <Top>.
WARNING:Xst:2677 - Node <XLXI_25/GPIOf0_5> of sequential type is unconnected in block <Top>.
WARNING:Xst:2677 - Node <XLXI_25/GPIOf0_6> of sequential type is unconnected in block <Top>.
WARNING:Xst:2677 - Node <XLXI_25/GPIOf0_7> of sequential type is unconnected in block <Top>.
WARNING:Xst:2677 - Node <XLXI_25/GPIOf0_8> of sequential type is unconnected in block <Top>.
WARNING:Xst:2677 - Node <XLXI_25/GPIOf0_9> of sequential type is unconnected in block <Top>.
WARNING:Xst:2677 - Node <XLXI_25/GPIOf0_10> of sequential type is unconnected in block <Top>.
WARNING:Xst:2677 - Node <XLXI_25/GPIOf0_11> of sequential type is unconnected in block <Top>.
WARNING:Xst:2677 - Node <XLXI_25/GPIOf0_12> of sequential type is unconnected in block <Top>.
WARNING:Xst:2677 - Node <XLXI_25/GPIOf0_13> of sequential type is unconnected in block <Top>.

Mapping all equations...
Building and optimizing final netlist ...
Found area constraint ratio of 100 (+ 5) on block Top, actual ratio is 1.
INFO:Xst:2260 - The FF/Latch <S_0> in Unit <XLXI_24/M2> is equivalent to the following FF/Latch : <S_0_1> 
INFO:Xst:2260 - The FF/Latch <sh_clk> in Unit <XLXI_24/M2> is equivalent to the following FF/Latch : <sh_clk_1> 
INFO:Xst:2260 - The FF/Latch <S_0> in Unit <XLXI_24/M2> is equivalent to the following FF/Latch : <S_0_1> 
INFO:Xst:2260 - The FF/Latch <sh_clk> in Unit <XLXI_24/M2> is equivalent to the following FF/Latch : <sh_clk_1> 

Final Macro Processing ...

=========================================================================
Final Register Report

Macro Statistics
# Registers                                            : 120
 Flip-Flops                                            : 120

=========================================================================

=========================================================================
*                           Partition Report                            *
=========================================================================

Partition Implementation Status
-------------------------------

  No Partitions were found in this design.

-------------------------------

=========================================================================
*                            Design Summary                             *
=========================================================================

Top Level Output File Name         : Top.ngc

Primitive and Black Box Usage:
------------------------------
# BELS                             : 3965
#      AND2                        : 11
#      AND3                        : 99
#      AND4                        : 81
#      BUF                         : 1
#      GND                         : 5
#      INV                         : 109
#      LUT1                        : 125
#      LUT2                        : 68
#      LUT3                        : 154
#      LUT4                        : 205
#      LUT5                        : 1353
#      LUT6                        : 1075
#      MUXCY                       : 254
#      MUXF7                       : 67
#      OR2                         : 63
#      OR3                         : 27
#      OR4                         : 36
#      VCC                         : 5
#      XORCY                       : 227
# FlipFlops/Latches                : 1544
#      FD                          : 175
#      FDC                         : 97
#      FDCE                        : 1027
#      FDCE_1                      : 22
#      FDE                         : 100
#      FDE_1                       : 87
#      FDPE_1                      : 6
#      FDR                         : 1
#      FDRE                        : 29
# RAMS                             : 129
#      RAM256X1S                   : 128
#      RAMB36E1                    : 1
# Clock Buffers                    : 5
#      BUFG                        : 4
#      BUFGP                       : 1
# IO Buffers                       : 58
#      IBUF                        : 21
#      OBUF                        : 37

Device utilization summary:
---------------------------

Selected Device : 7k160tfbg676-2l 


Slice Logic Utilization: 
 Number of Slice Registers:            1544  out of  202800     0%  
 Number of Slice LUTs:                 3601  out of  101400     3%  
    Number used as Logic:              3089  out of  101400     3%  
    Number used as Memory:              512  out of  35000     1%  
       Number used as RAM:              512

Slice Logic Distribution: 
 Number of LUT Flip Flop pairs used:   3719
   Number with an unused Flip Flop:    2175  out of   3719    58%  
   Number with an unused LUT:           118  out of   3719     3%  
   Number of fully used LUT-FF pairs:  1426  out of   3719    38%  
   Number of unique control sets:        30

IO Utilization: 
 Number of IOs:                          59
 Number of bonded IOBs:                  59  out of    400    14%  

Specific Feature Utilization:
 Number of Block RAM/FIFO:                1  out of    325     0%  
    Number using Block RAM only:          1
 Number of BUFG/BUFGCTRLs:                5  out of     32    15%  

---------------------------
Partition Resource Summary:
---------------------------

  No Partitions were found in this design.

---------------------------


=========================================================================
Timing Report

NOTE: THESE TIMING NUMBERS ARE ONLY A SYNTHESIS ESTIMATE.
      FOR ACCURATE TIMING INFORMATION PLEASE REFER TO THE TRACE REPORT
      GENERATED AFTER PLACE-and-ROUTE.

Clock Information:
------------------
-----------------------------------+-------------------------------+-------+
Clock Signal                       | Clock buffer(FF name)         | Load  |
-----------------------------------+-------------------------------+-------+
clk_100mhz                         | BUFGP                         | 227   |
XLXN_199(XLXI_2/Mmux_Clk_CPU11:O)  | BUFG(*)(XLXI_25/counter_set_1)| 1142  |
XLXI_2/clkdiv_6                    | BUFG                          | 35    |
XLXI_1/clk1                        | BUFG                          | 41    |
XLXI_3/push(XLXI_3/push1:O)        | NONE(*)(XLXI_3/state_0)       | 3     |
XLXI_24/M2/sh_clk                  | BUFG                          | 65    |
-----------------------------------+-------------------------------+-------+
(*) These 2 clock signal(s) are generated by combinatorial logic,
and XST is not able to identify which are the primary clock signals.
Please use the CLOCK_SIGNAL constraint to specify the clock signal(s) generated by combinatorial logic.
INFO:Xst:2169 - HDL ADVISOR - Some clock signals were not automatically buffered by XST with BUFG/BUFR resources. Please use the buffer_type constraint in order to insert these buffers to the clock signals to help prevent skew problems.

Asynchronous Control Signals Information:
----------------------------------------
-----------------------------------+----------------------------------------------------------------------------------------------------------------------------------------------+-------+
Control Signal                     | Buffer(FF name)                                                                                                                              | Load  |
-----------------------------------+----------------------------------------------------------------------------------------------------------------------------------------------+-------+
XLXI_40/N1(XLXI_40/XST_GND:G)      | NONE(XLXI_40/U0/xst_blk_mem_generator/gnativebmg.native_blk_mem_gen/valid.cstr/ramloop[0].ram.r/v6_init.ram/NO_BMM_INFO.SP.SIMPLE_PRIM36.ram)| 2     |
-----------------------------------+----------------------------------------------------------------------------------------------------------------------------------------------+-------+

Timing Summary:
---------------
Speed Grade: -2

   Minimum period: 12.277ns (Maximum Frequency: 81.456MHz)
   Minimum input arrival time before clock: 2.109ns
   Maximum output required time after clock: 5.902ns
   Maximum combinational path delay: No path found

Timing Details:
---------------
All values displayed in nanoseconds (ns)

=========================================================================
Timing constraint: Default period analysis for Clock 'clk_100mhz'
  Clock period: 2.195ns (frequency: 455.633MHz)
  Total number of paths / destination ports: 6200 / 294
-------------------------------------------------------------------------
Delay:               2.195ns (Levels of Logic = 8)
  Source:            XLXI_1/sw_temp_2 (FF)
  Destination:       XLXI_1/SW_OK_0 (FF)
  Source Clock:      clk_100mhz rising
  Destination Clock: clk_100mhz rising

  Data Path: XLXI_1/sw_temp_2 to XLXI_1/SW_OK_0
                                Gate     Net
    Cell:in->out      fanout   Delay   Delay  Logical Name (Net Name)
    ----------------------------------------  ------------
     FD:C->Q               1   0.236   0.495  sw_temp_2 (sw_temp<2>)
     LUT6:I3->O            1   0.043   0.000  Mcompar_sw_temp[15]_SW[15]_not_equal_100_o_lut<0> (Mcompar_sw_temp[15]_SW[15]_not_equal_100_o_lut<0>)
     MUXCY:S->O            1   0.238   0.000  Mcompar_sw_temp[15]_SW[15]_not_equal_100_o_cy<0> (Mcompar_sw_temp[15]_SW[15]_not_equal_100_o_cy<0>)
     MUXCY:CI->O           1   0.013   0.000  Mcompar_sw_temp[15]_SW[15]_not_equal_100_o_cy<1> (Mcompar_sw_temp[15]_SW[15]_not_equal_100_o_cy<1>)
     MUXCY:CI->O           1   0.013   0.000  Mcompar_sw_temp[15]_SW[15]_not_equal_100_o_cy<2> (Mcompar_sw_temp[15]_SW[15]_not_equal_100_o_cy<2>)
     MUXCY:CI->O           1   0.013   0.000  Mcompar_sw_temp[15]_SW[15]_not_equal_100_o_cy<3> (Mcompar_sw_temp[15]_SW[15]_not_equal_100_o_cy<3>)
     MUXCY:CI->O           1   0.013   0.000  Mcompar_sw_temp[15]_SW[15]_not_equal_100_o_cy<4> (Mcompar_sw_temp[15]_SW[15]_not_equal_100_o_cy<4>)
     MUXCY:CI->O          43   0.013   0.471  Mcompar_sw_temp[15]_SW[15]_not_equal_100_o_cy<5> (sw_temp[15]_SW[15]_not_equal_100_o)
     INV:I->O             17   0.054   0.429  _n0243_inv1_cepot_cepot_INV_0 (_n0243_inv1_cepot_cepot)
     FDE:CE                    0.161          SW_OK_0
    ----------------------------------------
    Total                      2.195ns (0.800ns logic, 1.395ns route)
                                       (36.4% logic, 63.6% route)

=========================================================================
Timing constraint: Default period analysis for Clock 'XLXN_199'
  Clock period: 12.277ns (frequency: 81.456MHz)
  Total number of paths / destination ports: 132108121 / 2218
-------------------------------------------------------------------------
Delay:               6.138ns (Levels of Logic = 42)
  Source:            XLXI_28/DataPath/PC/Q_10 (FF)
  Destination:       XLXI_5/cpu_point_0 (FF)
  Source Clock:      XLXN_199 rising
  Destination Clock: XLXN_199 falling

  Data Path: XLXI_28/DataPath/PC/Q_10 to XLXI_5/cpu_point_0
                                Gate     Net
    Cell:in->out      fanout   Delay   Delay  Logical Name (Net Name)
    ----------------------------------------  ------------
     FDC:C->Q             39   0.236   0.744  DataPath/PC/Q_10 (PC_out<10>)
     end scope: 'XLXI_28:PC_out<10>'
     begin scope: 'XLXI_39:a<8>'
     LUT6:I0->O          261   0.043   0.775  U0/xst_options.dist_mem_inst/gen_sp_ram.spram_inst/inst_LPM_MUX1711 (spo<17>)
     end scope: 'XLXI_39:spo<17>'
     begin scope: 'XLXI_28:inst_in<17>'
     LUT5:I0->O            1   0.043   0.522  DataPath/U2/Mmux_R_addr_B[4]_register[31][31]_wide_mux_4_OUT_82 (DataPath/U2/Mmux_R_addr_B[4]_register[31][31]_wide_mux_4_OUT_82)
     LUT6:I2->O            2   0.043   0.410  DataPath/U2/Mmux_R_addr_B[4]_register[31][31]_wide_mux_4_OUT_4 (DataPath/U2/Mmux_R_addr_B[4]_register[31][31]_wide_mux_4_OUT_4)
     LUT6:I4->O            4   0.043   0.367  DataPath/MUXD3/Mmux_o110 (DataPath/XLXN_531<0>)
     LUT6:I5->O            1   0.043   0.000  DataPath/U1/ADC_32/Madd_S_Madd_lut<0> (DataPath/U1/ADC_32/Madd_S_Madd_lut<0>)
     MUXCY:S->O            1   0.238   0.000  DataPath/U1/ADC_32/Madd_S_Madd_cy<0> (DataPath/U1/ADC_32/Madd_S_Madd_cy<0>)
     MUXCY:CI->O           1   0.013   0.000  DataPath/U1/ADC_32/Madd_S_Madd_cy<1> (DataPath/U1/ADC_32/Madd_S_Madd_cy<1>)
     MUXCY:CI->O           1   0.013   0.000  DataPath/U1/ADC_32/Madd_S_Madd_cy<2> (DataPath/U1/ADC_32/Madd_S_Madd_cy<2>)
     MUXCY:CI->O           1   0.013   0.000  DataPath/U1/ADC_32/Madd_S_Madd_cy<3> (DataPath/U1/ADC_32/Madd_S_Madd_cy<3>)
     MUXCY:CI->O           1   0.013   0.000  DataPath/U1/ADC_32/Madd_S_Madd_cy<4> (DataPath/U1/ADC_32/Madd_S_Madd_cy<4>)
     MUXCY:CI->O           1   0.013   0.000  DataPath/U1/ADC_32/Madd_S_Madd_cy<5> (DataPath/U1/ADC_32/Madd_S_Madd_cy<5>)
     MUXCY:CI->O           1   0.013   0.000  DataPath/U1/ADC_32/Madd_S_Madd_cy<6> (DataPath/U1/ADC_32/Madd_S_Madd_cy<6>)
     MUXCY:CI->O           1   0.013   0.000  DataPath/U1/ADC_32/Madd_S_Madd_cy<7> (DataPath/U1/ADC_32/Madd_S_Madd_cy<7>)
     MUXCY:CI->O           1   0.013   0.000  DataPath/U1/ADC_32/Madd_S_Madd_cy<8> (DataPath/U1/ADC_32/Madd_S_Madd_cy<8>)
     MUXCY:CI->O           1   0.013   0.000  DataPath/U1/ADC_32/Madd_S_Madd_cy<9> (DataPath/U1/ADC_32/Madd_S_Madd_cy<9>)
     MUXCY:CI->O           1   0.013   0.000  DataPath/U1/ADC_32/Madd_S_Madd_cy<10> (DataPath/U1/ADC_32/Madd_S_Madd_cy<10>)
     MUXCY:CI->O           1   0.013   0.000  DataPath/U1/ADC_32/Madd_S_Madd_cy<11> (DataPath/U1/ADC_32/Madd_S_Madd_cy<11>)
     MUXCY:CI->O           1   0.013   0.000  DataPath/U1/ADC_32/Madd_S_Madd_cy<12> (DataPath/U1/ADC_32/Madd_S_Madd_cy<12>)
     MUXCY:CI->O           1   0.013   0.000  DataPath/U1/ADC_32/Madd_S_Madd_cy<13> (DataPath/U1/ADC_32/Madd_S_Madd_cy<13>)
     MUXCY:CI->O           1   0.013   0.000  DataPath/U1/ADC_32/Madd_S_Madd_cy<14> (DataPath/U1/ADC_32/Madd_S_Madd_cy<14>)
     MUXCY:CI->O           1   0.013   0.000  DataPath/U1/ADC_32/Madd_S_Madd_cy<15> (DataPath/U1/ADC_32/Madd_S_Madd_cy<15>)
     MUXCY:CI->O           1   0.013   0.000  DataPath/U1/ADC_32/Madd_S_Madd_cy<16> (DataPath/U1/ADC_32/Madd_S_Madd_cy<16>)
     MUXCY:CI->O           1   0.013   0.000  DataPath/U1/ADC_32/Madd_S_Madd_cy<17> (DataPath/U1/ADC_32/Madd_S_Madd_cy<17>)
     MUXCY:CI->O           1   0.013   0.000  DataPath/U1/ADC_32/Madd_S_Madd_cy<18> (DataPath/U1/ADC_32/Madd_S_Madd_cy<18>)
     MUXCY:CI->O           1   0.013   0.000  DataPath/U1/ADC_32/Madd_S_Madd_cy<19> (DataPath/U1/ADC_32/Madd_S_Madd_cy<19>)
     MUXCY:CI->O           1   0.013   0.000  DataPath/U1/ADC_32/Madd_S_Madd_cy<20> (DataPath/U1/ADC_32/Madd_S_Madd_cy<20>)
     MUXCY:CI->O           1   0.013   0.000  DataPath/U1/ADC_32/Madd_S_Madd_cy<21> (DataPath/U1/ADC_32/Madd_S_Madd_cy<21>)
     MUXCY:CI->O           1   0.013   0.000  DataPath/U1/ADC_32/Madd_S_Madd_cy<22> (DataPath/U1/ADC_32/Madd_S_Madd_cy<22>)
     MUXCY:CI->O           1   0.013   0.000  DataPath/U1/ADC_32/Madd_S_Madd_cy<23> (DataPath/U1/ADC_32/Madd_S_Madd_cy<23>)
     MUXCY:CI->O           1   0.013   0.000  DataPath/U1/ADC_32/Madd_S_Madd_cy<24> (DataPath/U1/ADC_32/Madd_S_Madd_cy<24>)
     MUXCY:CI->O           1   0.013   0.000  DataPath/U1/ADC_32/Madd_S_Madd_cy<25> (DataPath/U1/ADC_32/Madd_S_Madd_cy<25>)
     MUXCY:CI->O           1   0.013   0.000  DataPath/U1/ADC_32/Madd_S_Madd_cy<26> (DataPath/U1/ADC_32/Madd_S_Madd_cy<26>)
     MUXCY:CI->O           1   0.013   0.000  DataPath/U1/ADC_32/Madd_S_Madd_cy<27> (DataPath/U1/ADC_32/Madd_S_Madd_cy<27>)
     MUXCY:CI->O           1   0.013   0.000  DataPath/U1/ADC_32/Madd_S_Madd_cy<28> (DataPath/U1/ADC_32/Madd_S_Madd_cy<28>)
     MUXCY:CI->O           1   0.013   0.000  DataPath/U1/ADC_32/Madd_S_Madd_cy<29> (DataPath/U1/ADC_32/Madd_S_Madd_cy<29>)
     XORCY:CI->O           2   0.262   0.618  DataPath/U1/ADC_32/Madd_S_Madd_xor<30> (DataPath/U1/S<30>)
     LUT6:I0->O          112   0.043   0.640  DataPath/U1/MUXALU/Mmux_o242 (Addr_out<30>)
     end scope: 'XLXI_28:Addr_out<30>'
     begin scope: 'XLXI_26:addr_bus<30>'
     LUT5:I2->O           48   0.043   0.472  Mmux_GPIOe0000000_we11 (GPIOe0000000_we)
     end scope: 'XLXI_26:GPIOe0000000_we'
     begin scope: 'XLXI_5:EN'
     FDE:CE                    0.161          cpu_point_0
    ----------------------------------------
    Total                      6.138ns (1.589ns logic, 4.549ns route)
                                       (25.9% logic, 74.1% route)

=========================================================================
Timing constraint: Default period analysis for Clock 'XLXI_2/clkdiv_6'
  Clock period: 2.216ns (frequency: 451.325MHz)
  Total number of paths / destination ports: 787 / 36
-------------------------------------------------------------------------
Delay:               2.216ns (Levels of Logic = 35)
  Source:            XLXI_27/counter0_0 (FF)
  Destination:       XLXI_27/counter0_32 (FF)
  Source Clock:      XLXI_2/clkdiv_6 rising
  Destination Clock: XLXI_2/clkdiv_6 rising

  Data Path: XLXI_27/counter0_0 to XLXI_27/counter0_32
                                Gate     Net
    Cell:in->out      fanout   Delay   Delay  Logical Name (Net Name)
    ----------------------------------------  ------------
     FDC:C->Q              3   0.236   0.362  XLXI_27/counter0_0 (XLXI_27/counter0_0)
     LUT1:I0->O            1   0.043   0.000  XLXI_27/Msub_counter0[32]_GND_29_o_sub_26_OUT_cy<0>_rt (XLXI_27/Msub_counter0[32]_GND_29_o_sub_26_OUT_cy<0>_rt)
     MUXCY:S->O            1   0.238   0.000  XLXI_27/Msub_counter0[32]_GND_29_o_sub_26_OUT_cy<0> (XLXI_27/Msub_counter0[32]_GND_29_o_sub_26_OUT_cy<0>)
     MUXCY:CI->O           1   0.013   0.000  XLXI_27/Msub_counter0[32]_GND_29_o_sub_26_OUT_cy<1> (XLXI_27/Msub_counter0[32]_GND_29_o_sub_26_OUT_cy<1>)
     MUXCY:CI->O           1   0.013   0.000  XLXI_27/Msub_counter0[32]_GND_29_o_sub_26_OUT_cy<2> (XLXI_27/Msub_counter0[32]_GND_29_o_sub_26_OUT_cy<2>)
     MUXCY:CI->O           1   0.013   0.000  XLXI_27/Msub_counter0[32]_GND_29_o_sub_26_OUT_cy<3> (XLXI_27/Msub_counter0[32]_GND_29_o_sub_26_OUT_cy<3>)
     MUXCY:CI->O           1   0.013   0.000  XLXI_27/Msub_counter0[32]_GND_29_o_sub_26_OUT_cy<4> (XLXI_27/Msub_counter0[32]_GND_29_o_sub_26_OUT_cy<4>)
     MUXCY:CI->O           1   0.013   0.000  XLXI_27/Msub_counter0[32]_GND_29_o_sub_26_OUT_cy<5> (XLXI_27/Msub_counter0[32]_GND_29_o_sub_26_OUT_cy<5>)
     MUXCY:CI->O           1   0.013   0.000  XLXI_27/Msub_counter0[32]_GND_29_o_sub_26_OUT_cy<6> (XLXI_27/Msub_counter0[32]_GND_29_o_sub_26_OUT_cy<6>)
     MUXCY:CI->O           1   0.013   0.000  XLXI_27/Msub_counter0[32]_GND_29_o_sub_26_OUT_cy<7> (XLXI_27/Msub_counter0[32]_GND_29_o_sub_26_OUT_cy<7>)
     MUXCY:CI->O           1   0.013   0.000  XLXI_27/Msub_counter0[32]_GND_29_o_sub_26_OUT_cy<8> (XLXI_27/Msub_counter0[32]_GND_29_o_sub_26_OUT_cy<8>)
     MUXCY:CI->O           1   0.013   0.000  XLXI_27/Msub_counter0[32]_GND_29_o_sub_26_OUT_cy<9> (XLXI_27/Msub_counter0[32]_GND_29_o_sub_26_OUT_cy<9>)
     MUXCY:CI->O           1   0.013   0.000  XLXI_27/Msub_counter0[32]_GND_29_o_sub_26_OUT_cy<10> (XLXI_27/Msub_counter0[32]_GND_29_o_sub_26_OUT_cy<10>)
     MUXCY:CI->O           1   0.013   0.000  XLXI_27/Msub_counter0[32]_GND_29_o_sub_26_OUT_cy<11> (XLXI_27/Msub_counter0[32]_GND_29_o_sub_26_OUT_cy<11>)
     MUXCY:CI->O           1   0.013   0.000  XLXI_27/Msub_counter0[32]_GND_29_o_sub_26_OUT_cy<12> (XLXI_27/Msub_counter0[32]_GND_29_o_sub_26_OUT_cy<12>)
     MUXCY:CI->O           1   0.013   0.000  XLXI_27/Msub_counter0[32]_GND_29_o_sub_26_OUT_cy<13> (XLXI_27/Msub_counter0[32]_GND_29_o_sub_26_OUT_cy<13>)
     MUXCY:CI->O           1   0.013   0.000  XLXI_27/Msub_counter0[32]_GND_29_o_sub_26_OUT_cy<14> (XLXI_27/Msub_counter0[32]_GND_29_o_sub_26_OUT_cy<14>)
     MUXCY:CI->O           1   0.013   0.000  XLXI_27/Msub_counter0[32]_GND_29_o_sub_26_OUT_cy<15> (XLXI_27/Msub_counter0[32]_GND_29_o_sub_26_OUT_cy<15>)
     MUXCY:CI->O           1   0.013   0.000  XLXI_27/Msub_counter0[32]_GND_29_o_sub_26_OUT_cy<16> (XLXI_27/Msub_counter0[32]_GND_29_o_sub_26_OUT_cy<16>)
     MUXCY:CI->O           1   0.013   0.000  XLXI_27/Msub_counter0[32]_GND_29_o_sub_26_OUT_cy<17> (XLXI_27/Msub_counter0[32]_GND_29_o_sub_26_OUT_cy<17>)
     MUXCY:CI->O           1   0.013   0.000  XLXI_27/Msub_counter0[32]_GND_29_o_sub_26_OUT_cy<18> (XLXI_27/Msub_counter0[32]_GND_29_o_sub_26_OUT_cy<18>)
     MUXCY:CI->O           1   0.013   0.000  XLXI_27/Msub_counter0[32]_GND_29_o_sub_26_OUT_cy<19> (XLXI_27/Msub_counter0[32]_GND_29_o_sub_26_OUT_cy<19>)
     MUXCY:CI->O           1   0.013   0.000  XLXI_27/Msub_counter0[32]_GND_29_o_sub_26_OUT_cy<20> (XLXI_27/Msub_counter0[32]_GND_29_o_sub_26_OUT_cy<20>)
     MUXCY:CI->O           1   0.013   0.000  XLXI_27/Msub_counter0[32]_GND_29_o_sub_26_OUT_cy<21> (XLXI_27/Msub_counter0[32]_GND_29_o_sub_26_OUT_cy<21>)
     MUXCY:CI->O           1   0.013   0.000  XLXI_27/Msub_counter0[32]_GND_29_o_sub_26_OUT_cy<22> (XLXI_27/Msub_counter0[32]_GND_29_o_sub_26_OUT_cy<22>)
     MUXCY:CI->O           1   0.013   0.000  XLXI_27/Msub_counter0[32]_GND_29_o_sub_26_OUT_cy<23> (XLXI_27/Msub_counter0[32]_GND_29_o_sub_26_OUT_cy<23>)
     MUXCY:CI->O           1   0.013   0.000  XLXI_27/Msub_counter0[32]_GND_29_o_sub_26_OUT_cy<24> (XLXI_27/Msub_counter0[32]_GND_29_o_sub_26_OUT_cy<24>)
     MUXCY:CI->O           1   0.013   0.000  XLXI_27/Msub_counter0[32]_GND_29_o_sub_26_OUT_cy<25> (XLXI_27/Msub_counter0[32]_GND_29_o_sub_26_OUT_cy<25>)
     MUXCY:CI->O           1   0.013   0.000  XLXI_27/Msub_counter0[32]_GND_29_o_sub_26_OUT_cy<26> (XLXI_27/Msub_counter0[32]_GND_29_o_sub_26_OUT_cy<26>)
     MUXCY:CI->O           1   0.013   0.000  XLXI_27/Msub_counter0[32]_GND_29_o_sub_26_OUT_cy<27> (XLXI_27/Msub_counter0[32]_GND_29_o_sub_26_OUT_cy<27>)
     MUXCY:CI->O           1   0.013   0.000  XLXI_27/Msub_counter0[32]_GND_29_o_sub_26_OUT_cy<28> (XLXI_27/Msub_counter0[32]_GND_29_o_sub_26_OUT_cy<28>)
     MUXCY:CI->O           1   0.013   0.000  XLXI_27/Msub_counter0[32]_GND_29_o_sub_26_OUT_cy<29> (XLXI_27/Msub_counter0[32]_GND_29_o_sub_26_OUT_cy<29>)
     MUXCY:CI->O           1   0.013   0.000  XLXI_27/Msub_counter0[32]_GND_29_o_sub_26_OUT_cy<30> (XLXI_27/Msub_counter0[32]_GND_29_o_sub_26_OUT_cy<30>)
     MUXCY:CI->O           0   0.013   0.000  XLXI_27/Msub_counter0[32]_GND_29_o_sub_26_OUT_cy<31> (XLXI_27/Msub_counter0[32]_GND_29_o_sub_26_OUT_cy<31>)
     XORCY:CI->O           1   0.262   0.613  XLXI_27/Msub_counter0[32]_GND_29_o_sub_26_OUT_xor<32> (XLXI_27/counter0[32]_GND_29_o_sub_26_OUT<32>)
     LUT6:I0->O            1   0.043   0.000  XLXI_27/Mmux_counter_Ctrl[2]_counter0[32]_wide_mux_26_OUT262 (XLXI_27/counter_Ctrl[2]_counter0[32]_wide_mux_26_OUT<32>)
     FDC:D                    -0.000          XLXI_27/counter0_32
    ----------------------------------------
    Total                      2.216ns (1.240ns logic, 0.975ns route)
                                       (56.0% logic, 44.0% route)

=========================================================================
Timing constraint: Default period analysis for Clock 'XLXI_1/clk1'
  Clock period: 2.152ns (frequency: 464.587MHz)
  Total number of paths / destination ports: 1454 / 90
-------------------------------------------------------------------------
Delay:               2.152ns (Levels of Logic = 7)
  Source:            XLXI_1/counter_8 (FF)
  Destination:       XLXI_1/Key_x_0 (FF)
  Source Clock:      XLXI_1/clk1 rising
  Destination Clock: XLXI_1/clk1 rising

  Data Path: XLXI_1/counter_8 to XLXI_1/Key_x_0
                                Gate     Net
    Cell:in->out      fanout   Delay   Delay  Logical Name (Net Name)
    ----------------------------------------  ------------
     FDRE:C->Q             3   0.236   0.615  counter_8 (counter<8>)
     LUT5:I0->O            1   0.043   0.000  Mcompar_counter[31]_GND_1_o_LessThan_5_o_lut<0> (Mcompar_counter[31]_GND_1_o_LessThan_5_o_lut<0>)
     MUXCY:S->O            1   0.238   0.000  Mcompar_counter[31]_GND_1_o_LessThan_5_o_cy<0> (Mcompar_counter[31]_GND_1_o_LessThan_5_o_cy<0>)
     MUXCY:CI->O           1   0.013   0.000  Mcompar_counter[31]_GND_1_o_LessThan_5_o_cy<1> (Mcompar_counter[31]_GND_1_o_LessThan_5_o_cy<1>)
     MUXCY:CI->O           1   0.013   0.000  Mcompar_counter[31]_GND_1_o_LessThan_5_o_cy<2> (Mcompar_counter[31]_GND_1_o_LessThan_5_o_cy<2>)
     MUXCY:CI->O           1   0.013   0.000  Mcompar_counter[31]_GND_1_o_LessThan_5_o_cy<3> (Mcompar_counter[31]_GND_1_o_LessThan_5_o_cy<3>)
     MUXCY:CI->O           8   0.013   0.378  Mcompar_counter[31]_GND_1_o_LessThan_5_o_cy<4> (Mcompar_counter[31]_GND_1_o_LessThan_5_o_cy<4>)
     INV:I->O              7   0.054   0.373  _n0225_inv1_cepot_INV_0 (_n0225_inv1_cepot)
     FDE:CE                    0.161          Key_x_0
    ----------------------------------------
    Total                      2.152ns (0.786ns logic, 1.366ns route)
                                       (36.5% logic, 63.5% route)

=========================================================================
Timing constraint: Default period analysis for Clock 'XLXI_3/push'
  Clock period: 1.069ns (frequency: 935.060MHz)
  Total number of paths / destination ports: 6 / 3
-------------------------------------------------------------------------
Delay:               1.069ns (Levels of Logic = 1)
  Source:            XLXI_3/state_0 (FF)
  Destination:       XLXI_3/state_0 (FF)
  Source Clock:      XLXI_3/push rising
  Destination Clock: XLXI_3/push rising

  Data Path: XLXI_3/state_0 to XLXI_3/state_0
                                Gate     Net
    Cell:in->out      fanout   Delay   Delay  Logical Name (Net Name)
    ----------------------------------------  ------------
     FDE:C->Q             19   0.236   0.440  state_0 (state<0>)
     INV:I->O              1   0.054   0.339  Result<0>1_INV_0 (Result<0>)
     FDE:D                    -0.000          state_0
    ----------------------------------------
    Total                      1.069ns (0.290ns logic, 0.779ns route)
                                       (27.1% logic, 72.9% route)

=========================================================================
Timing constraint: Default period analysis for Clock 'XLXI_24/M2/sh_clk'
  Clock period: 0.700ns (frequency: 1428.469MHz)
  Total number of paths / destination ports: 128 / 65
-------------------------------------------------------------------------
Delay:               0.700ns (Levels of Logic = 1)
  Source:            XLXI_24/M2/Q_2 (FF)
  Destination:       XLXI_24/M2/Q_3 (FF)
  Source Clock:      XLXI_24/M2/sh_clk falling
  Destination Clock: XLXI_24/M2/sh_clk falling

  Data Path: XLXI_24/M2/Q_2 to XLXI_24/M2/Q_3
                                Gate     Net
    Cell:in->out      fanout   Delay   Delay  Logical Name (Net Name)
    ----------------------------------------  ------------
     FDE_1:C->Q            3   0.240   0.417  Q_2 (Q<2>)
     LUT5:I3->O            1   0.043   0.000  mux9811 (S1_GND_1_o_wide_mux_1_OUT<3>)
     FDE_1:D                  -0.000          Q_3
    ----------------------------------------
    Total                      0.700ns (0.283ns logic, 0.417ns route)
                                       (40.4% logic, 59.6% route)

=========================================================================
Timing constraint: Default OFFSET IN BEFORE for Clock 'clk_100mhz'
  Total number of paths / destination ports: 1195 / 100
-------------------------------------------------------------------------
Offset:              2.089ns (Levels of Logic = 10)
  Source:            SW<2> (PAD)
  Destination:       XLXI_1/SW_OK_0 (FF)
  Destination Clock: clk_100mhz rising

  Data Path: SW<2> to XLXI_1/SW_OK_0
                                Gate     Net
    Cell:in->out      fanout   Delay   Delay  Logical Name (Net Name)
    ----------------------------------------  ------------
     IBUF:I->O             3   0.000   0.625  SW_2_IBUF (SW_2_IBUF)
     begin scope: 'XLXI_1:SW<2>'
     LUT6:I0->O            1   0.043   0.000  Mcompar_sw_temp[15]_SW[15]_not_equal_100_o_lut<0> (Mcompar_sw_temp[15]_SW[15]_not_equal_100_o_lut<0>)
     MUXCY:S->O            1   0.238   0.000  Mcompar_sw_temp[15]_SW[15]_not_equal_100_o_cy<0> (Mcompar_sw_temp[15]_SW[15]_not_equal_100_o_cy<0>)
     MUXCY:CI->O           1   0.013   0.000  Mcompar_sw_temp[15]_SW[15]_not_equal_100_o_cy<1> (Mcompar_sw_temp[15]_SW[15]_not_equal_100_o_cy<1>)
     MUXCY:CI->O           1   0.013   0.000  Mcompar_sw_temp[15]_SW[15]_not_equal_100_o_cy<2> (Mcompar_sw_temp[15]_SW[15]_not_equal_100_o_cy<2>)
     MUXCY:CI->O           1   0.013   0.000  Mcompar_sw_temp[15]_SW[15]_not_equal_100_o_cy<3> (Mcompar_sw_temp[15]_SW[15]_not_equal_100_o_cy<3>)
     MUXCY:CI->O           1   0.013   0.000  Mcompar_sw_temp[15]_SW[15]_not_equal_100_o_cy<4> (Mcompar_sw_temp[15]_SW[15]_not_equal_100_o_cy<4>)
     MUXCY:CI->O          43   0.013   0.471  Mcompar_sw_temp[15]_SW[15]_not_equal_100_o_cy<5> (sw_temp[15]_SW[15]_not_equal_100_o)
     INV:I->O             17   0.054   0.429  _n0243_inv1_cepot_cepot_INV_0 (_n0243_inv1_cepot_cepot)
     FDE:CE                    0.161          SW_OK_0
    ----------------------------------------
    Total                      2.089ns (0.563ns logic, 1.525ns route)
                                       (27.0% logic, 73.0% route)

=========================================================================
Timing constraint: Default OFFSET IN BEFORE for Clock 'XLXI_1/clk1'
  Total number of paths / destination ports: 176 / 41
-------------------------------------------------------------------------
Offset:              2.109ns (Levels of Logic = 6)
  Source:            K_COL<3> (PAD)
  Destination:       XLXI_1/Key_x_1 (FF)
  Destination Clock: XLXI_1/clk1 rising

  Data Path: K_COL<3> to XLXI_1/Key_x_1
                                Gate     Net
    Cell:in->out      fanout   Delay   Delay  Logical Name (Net Name)
    ----------------------------------------  ------------
     IBUF:I->O             6   0.000   0.550  K_COL_3_IBUF (K_COL_3_IBUF)
     begin scope: 'XLXI_1:Key_y<3>'
     LUT4:I0->O           12   0.043   0.674  out1 (n0016)
     LUT6:I0->O            3   0.043   0.362  _n0295<0>1 (_n0295<0>)
     LUT6:I5->O            1   0.043   0.350  Key_x[4]_PWR_1_o_select_74_OUT<1>1 (Key_x[4]_PWR_1_o_select_74_OUT<4>)
     LUT3:I2->O            1   0.043   0.000  Key_x_4_dpot (Key_x_4_dpot)
     FDE:D                    -0.000          Key_x_4
    ----------------------------------------
    Total                      2.109ns (0.172ns logic, 1.937ns route)
                                       (8.2% logic, 91.8% route)

=========================================================================
Timing constraint: Default OFFSET OUT AFTER for Clock 'clk_100mhz'
  Total number of paths / destination ports: 4499 / 24
-------------------------------------------------------------------------
Offset:              5.214ns (Levels of Logic = 13)
  Source:            XLXI_1/SW_OK_6 (FF)
  Destination:       SEGMENT<6> (PAD)
  Source Clock:      clk_100mhz rising

  Data Path: XLXI_1/SW_OK_6 to SEGMENT<6>
                                Gate     Net
    Cell:in->out      fanout   Delay   Delay  Logical Name (Net Name)
    ----------------------------------------  ------------
     FDE:C->Q            110   0.236   0.757  SW_OK_6 (SW_OK<6>)
     end scope: 'XLXI_1:SW_OK<6>'
     begin scope: 'XLXI_5:Test<1>'
     LUT6:I0->O            1   0.043   0.000  MUX1_DispData/Mmux_o_316 (MUX1_DispData/Mmux_o_316)
     MUXF7:I1->O          16   0.178   0.605  MUX1_DispData/Mmux_o_2_f7_15 (Disp_num<24>)
     end scope: 'XLXI_5:Disp_num<24>'
     begin scope: 'XLXI_20:Hexs<24>'
     LUT6:I2->O            1   0.043   0.000  M2/Mmux_Hexo_3 (M2/Mmux_Hexo_3)
     MUXF7:I1->O          12   0.178   0.400  M2/Mmux_Hexo_2_f7 (Hex<0>)
     INV:I->O              6   0.054   0.641  M1/XLXI_4 (M1/XLXN_24)
     AND4:I0->O            1   0.043   0.613  M1/XLXI_28 (M1/XLXN_141)
     OR4:I0->O             1   0.043   0.603  M1/XLXI_29 (M1/XLXN_211)
     OR2:I1->O             1   0.043   0.350  M1/XLXI_50 (SEG_TXT<3>)
     LUT3:I2->O            1   0.043   0.339  MUXHM/Mmux_o4 (SEGMENT<3>)
     end scope: 'XLXI_20:SEGMENT<3>'
     OBUF:I->O                 0.000          SEGMENT_3_OBUF (SEGMENT<3>)
    ----------------------------------------
    Total                      5.214ns (0.904ns logic, 4.310ns route)
                                       (17.3% logic, 82.7% route)

=========================================================================
Timing constraint: Default OFFSET OUT AFTER for Clock 'XLXI_1/clk1'
  Total number of paths / destination ports: 6 / 6
-------------------------------------------------------------------------
Offset:              0.658ns (Levels of Logic = 2)
  Source:            XLXI_1/Key_x_4 (FF)
  Destination:       K_ROW<4> (PAD)
  Source Clock:      XLXI_1/clk1 rising

  Data Path: XLXI_1/Key_x_4 to K_ROW<4>
                                Gate     Net
    Cell:in->out      fanout   Delay   Delay  Logical Name (Net Name)
    ----------------------------------------  ------------
     FDE:C->Q             16   0.236   0.422  Key_x_4 (Key_x<4>)
     end scope: 'XLXI_1:Key_x<4>'
     OBUF:I->O                 0.000          K_ROW_4_OBUF (K_ROW<4>)
    ----------------------------------------
    Total                      0.658ns (0.236ns logic, 0.422ns route)
                                       (35.8% logic, 64.2% route)

=========================================================================
Timing constraint: Default OFFSET OUT AFTER for Clock 'XLXN_199'
  Total number of paths / destination ports: 3609 / 11
-------------------------------------------------------------------------
Offset:              5.902ns (Levels of Logic = 15)
  Source:            XLXI_28/DataPath/PC/Q_10 (FF)
  Destination:       SEGMENT<6> (PAD)
  Source Clock:      XLXN_199 rising

  Data Path: XLXI_28/DataPath/PC/Q_10 to SEGMENT<6>
                                Gate     Net
    Cell:in->out      fanout   Delay   Delay  Logical Name (Net Name)
    ----------------------------------------  ------------
     FDC:C->Q             39   0.236   0.744  DataPath/PC/Q_10 (PC_out<10>)
     end scope: 'XLXI_28:PC_out<10>'
     begin scope: 'XLXI_39:a<8>'
     LUT6:I0->O           79   0.043   0.661  U0/xst_options.dist_mem_inst/gen_sp_ram.spram_inst/inst_LPM_MUX2411 (spo<24>)
     end scope: 'XLXI_39:spo<24>'
     begin scope: 'XLXI_5:data2<24>'
     LUT6:I2->O            1   0.043   0.000  MUX1_DispData/Mmux_o_416 (MUX1_DispData/Mmux_o_416)
     MUXF7:I0->O          16   0.176   0.605  MUX1_DispData/Mmux_o_2_f7_15 (Disp_num<24>)
     end scope: 'XLXI_5:Disp_num<24>'
     begin scope: 'XLXI_20:Hexs<24>'
     LUT6:I2->O            1   0.043   0.000  M2/Mmux_Hexo_3 (M2/Mmux_Hexo_3)
     MUXF7:I1->O          12   0.178   0.400  M2/Mmux_Hexo_2_f7 (Hex<0>)
     INV:I->O              6   0.054   0.641  M1/XLXI_4 (M1/XLXN_24)
     AND4:I0->O            1   0.043   0.613  M1/XLXI_28 (M1/XLXN_141)
     OR4:I0->O             1   0.043   0.603  M1/XLXI_29 (M1/XLXN_211)
     OR2:I1->O             1   0.043   0.350  M1/XLXI_50 (SEG_TXT<3>)
     LUT3:I2->O            1   0.043   0.339  MUXHM/Mmux_o4 (SEGMENT<3>)
     end scope: 'XLXI_20:SEGMENT<3>'
     OBUF:I->O                 0.000          SEGMENT_3_OBUF (SEGMENT<3>)
    ----------------------------------------
    Total                      5.902ns (0.945ns logic, 4.957ns route)
                                       (16.0% logic, 84.0% route)

=========================================================================
Timing constraint: Default OFFSET OUT AFTER for Clock 'XLXI_24/M2/sh_clk'
  Total number of paths / destination ports: 1 / 1
-------------------------------------------------------------------------
Offset:              0.584ns (Levels of Logic = 2)
  Source:            XLXI_24/M2/Q_0 (FF)
  Destination:       SEGDT (PAD)
  Source Clock:      XLXI_24/M2/sh_clk falling

  Data Path: XLXI_24/M2/Q_0 to SEGDT
                                Gate     Net
    Cell:in->out      fanout   Delay   Delay  Logical Name (Net Name)
    ----------------------------------------  ------------
     FDE_1:C->Q            2   0.240   0.344  Q_0 (sout)
     end scope: 'XLXI_24/M2:sout'
     OBUF:I->O                 0.000          SEGDT_OBUF (SEGDT)
    ----------------------------------------
    Total                      0.584ns (0.240ns logic, 0.344ns route)
                                       (41.1% logic, 58.9% route)

=========================================================================

Cross Clock Domains Report:
--------------------------

Clock to Setup on destination clock XLXI_1/clk1
---------------+---------+---------+---------+---------+
               | Src:Rise| Src:Fall| Src:Rise| Src:Fall|
Source Clock   |Dest:Rise|Dest:Rise|Dest:Fall|Dest:Fall|
---------------+---------+---------+---------+---------+
XLXI_1/clk1    |    2.152|         |         |         |
clk_100mhz     |    1.292|         |         |         |
---------------+---------+---------+---------+---------+

Clock to Setup on destination clock XLXI_2/clkdiv_6
---------------+---------+---------+---------+---------+
               | Src:Rise| Src:Fall| Src:Rise| Src:Fall|
Source Clock   |Dest:Rise|Dest:Rise|Dest:Fall|Dest:Fall|
---------------+---------+---------+---------+---------+
XLXI_2/clkdiv_6|    2.216|         |         |         |
XLXN_199       |         |    2.138|         |         |
clk_100mhz     |    1.618|         |         |         |
---------------+---------+---------+---------+---------+

Clock to Setup on destination clock XLXI_24/M2/sh_clk
-----------------+---------+---------+---------+---------+
                 | Src:Rise| Src:Fall| Src:Rise| Src:Fall|
Source Clock     |Dest:Rise|Dest:Rise|Dest:Fall|Dest:Fall|
-----------------+---------+---------+---------+---------+
XLXI_24/M2/sh_clk|         |         |    0.700|         |
XLXN_199         |         |         |    5.644|         |
clk_100mhz       |         |         |    4.920|         |
-----------------+---------+---------+---------+---------+

Clock to Setup on destination clock XLXI_3/push
---------------+---------+---------+---------+---------+
               | Src:Rise| Src:Fall| Src:Rise| Src:Fall|
Source Clock   |Dest:Rise|Dest:Rise|Dest:Fall|Dest:Fall|
---------------+---------+---------+---------+---------+
XLXI_1/clk1    |    0.818|         |         |         |
XLXI_3/push    |    1.069|         |         |         |
clk_100mhz     |    1.340|         |         |         |
---------------+---------+---------+---------+---------+

Clock to Setup on destination clock XLXN_199
---------------+---------+---------+---------+---------+
               | Src:Rise| Src:Fall| Src:Rise| Src:Fall|
Source Clock   |Dest:Rise|Dest:Rise|Dest:Fall|Dest:Fall|
---------------+---------+---------+---------+---------+
XLXI_2/clkdiv_6|    1.402|         |    0.897|         |
XLXN_199       |    6.967|         |    6.138|         |
clk_100mhz     |    1.406|         |    1.123|         |
---------------+---------+---------+---------+---------+

Clock to Setup on destination clock clk_100mhz
-----------------+---------+---------+---------+---------+
                 | Src:Rise| Src:Fall| Src:Rise| Src:Fall|
Source Clock     |Dest:Rise|Dest:Rise|Dest:Fall|Dest:Fall|
-----------------+---------+---------+---------+---------+
XLXI_1/clk1      |    1.100|         |         |         |
XLXI_24/M2/sh_clk|         |    2.068|         |         |
XLXI_3/push      |    1.928|         |         |         |
XLXN_199         |    6.388|         |         |         |
clk_100mhz       |    2.195|         |    0.603|         |
-----------------+---------+---------+---------+---------+

=========================================================================


Total REAL time to Xst completion: 43.00 secs
Total CPU time to Xst completion: 43.40 secs
 
--> 

Total memory usage is 466916 kilobytes

Number of errors   :    0 (   0 filtered)
Number of warnings :   94 (   0 filtered)
Number of infos    :   12 (   0 filtered)

