--------------------------------------------------------------------------------
Release 14.7 Trace  (nt64)
Copyright (c) 1995-2013 Xilinx, Inc.  All rights reserved.

C:\Xilinx\14.7\ISE_DS\ISE\bin\nt64\unwrapped\trce.exe -intstyle ise -v 3 -s 2L
-n 3 -fastpaths -xml OExp05_Datapath.twx OExp05_Datapath.ncd -o
OExp05_Datapath.twr OExp05_Datapath.pcf -ucf SOC-Sword.ucf

Design file:              OExp05_Datapath.ncd
Physical constraint file: OExp05_Datapath.pcf
Device,package,speed:     xc7k160t,ffg676,C,-2L (PRODUCTION 1.10 2013-10-13)
Report level:             verbose report

Environment Variable      Effect 
--------------------      ------ 
NONE                      No environment variables were set
--------------------------------------------------------------------------------

INFO:Timing:3412 - To improve timing, see the Timing Closure User Guide (UG612).
INFO:Timing:2752 - To get complete path coverage, use the unconstrained paths 
   option. All paths that are not constrained will be reported in the 
   unconstrained paths section(s) of the report.
INFO:Timing:3339 - The clock-to-out numbers in this timing report are based on 
   a 50 Ohm transmission line loading model.  For the details of this model, 
   and for more information on accounting for different loading conditions, 
   please see the device datasheet.

================================================================================
Timing constraint: TS_CLK_100M = PERIOD TIMEGRP "TM_CLK" 10 ns HIGH 50%;
For more information, see Period Analysis in the Timing Closure User Guide (UG612).

 5103 paths analyzed, 501 endpoints analyzed, 0 failing endpoints
 0 timing errors detected. (0 setup errors, 0 hold errors, 0 component switching limit errors)
 Minimum period is   4.573ns.
--------------------------------------------------------------------------------

Paths for end point U6/M2/S_0 (SLICE_X33Y79.CE), 1 path
--------------------------------------------------------------------------------
Slack (setup path):     5.427ns (requirement - (data path - clock path skew + uncertainty))
  Source:               U9/rst (FF)
  Destination:          U6/M2/S_0 (FF)
  Requirement:          10.000ns
  Data Path Delay:      4.149ns (Levels of Logic = 1)
  Clock Path Skew:      -0.389ns (0.991 - 1.380)
  Source Clock:         clk_100mhz_BUFGP rising at 0.000ns
  Destination Clock:    clk_100mhz_BUFGP rising at 10.000ns
  Clock Uncertainty:    0.035ns

  Clock Uncertainty:          0.035ns  ((TSJ^2 + TIJ^2)^1/2 + DJ) / 2 + PE
    Total System Jitter (TSJ):  0.070ns
    Total Input Jitter (TIJ):   0.000ns
    Discrete Jitter (DJ):       0.000ns
    Phase Error (PE):           0.000ns

  Maximum Data Path at Slow Process Corner: U9/rst to U6/M2/S_0
    Location             Delay type         Delay(ns)  Physical Resource
                                                       Logical Resource(s)
    -------------------------------------------------  -------------------
    SLICE_X104Y31.AQ     Tcko                  0.259   rst
                                                       U9/rst
    SLICE_X32Y79.A1      net (fanout=332)      3.341   rst
    SLICE_X32Y79.A       Tilo                  0.043   U6/M2/rst_inv
                                                       U6/M2/rst_inv1_INV_0
    SLICE_X33Y79.CE      net (fanout=3)        0.305   U6/M2/rst_inv
    SLICE_X33Y79.CLK     Tceck                 0.201   U6/M2/S<1>
                                                       U6/M2/S_0
    -------------------------------------------------  ---------------------------
    Total                                      4.149ns (0.503ns logic, 3.646ns route)
                                                       (12.1% logic, 87.9% route)

--------------------------------------------------------------------------------

Paths for end point U6/M2/S_1 (SLICE_X33Y79.CE), 1 path
--------------------------------------------------------------------------------
Slack (setup path):     5.427ns (requirement - (data path - clock path skew + uncertainty))
  Source:               U9/rst (FF)
  Destination:          U6/M2/S_1 (FF)
  Requirement:          10.000ns
  Data Path Delay:      4.149ns (Levels of Logic = 1)
  Clock Path Skew:      -0.389ns (0.991 - 1.380)
  Source Clock:         clk_100mhz_BUFGP rising at 0.000ns
  Destination Clock:    clk_100mhz_BUFGP rising at 10.000ns
  Clock Uncertainty:    0.035ns

  Clock Uncertainty:          0.035ns  ((TSJ^2 + TIJ^2)^1/2 + DJ) / 2 + PE
    Total System Jitter (TSJ):  0.070ns
    Total Input Jitter (TIJ):   0.000ns
    Discrete Jitter (DJ):       0.000ns
    Phase Error (PE):           0.000ns

  Maximum Data Path at Slow Process Corner: U9/rst to U6/M2/S_1
    Location             Delay type         Delay(ns)  Physical Resource
                                                       Logical Resource(s)
    -------------------------------------------------  -------------------
    SLICE_X104Y31.AQ     Tcko                  0.259   rst
                                                       U9/rst
    SLICE_X32Y79.A1      net (fanout=332)      3.341   rst
    SLICE_X32Y79.A       Tilo                  0.043   U6/M2/rst_inv
                                                       U6/M2/rst_inv1_INV_0
    SLICE_X33Y79.CE      net (fanout=3)        0.305   U6/M2/rst_inv
    SLICE_X33Y79.CLK     Tceck                 0.201   U6/M2/S<1>
                                                       U6/M2/S_1
    -------------------------------------------------  ---------------------------
    Total                                      4.149ns (0.503ns logic, 3.646ns route)
                                                       (12.1% logic, 87.9% route)

--------------------------------------------------------------------------------

Paths for end point U6/M2/EN (SLICE_X33Y80.CE), 1 path
--------------------------------------------------------------------------------
Slack (setup path):     5.450ns (requirement - (data path - clock path skew + uncertainty))
  Source:               U9/rst (FF)
  Destination:          U6/M2/EN (FF)
  Requirement:          10.000ns
  Data Path Delay:      4.127ns (Levels of Logic = 1)
  Clock Path Skew:      -0.388ns (0.992 - 1.380)
  Source Clock:         clk_100mhz_BUFGP rising at 0.000ns
  Destination Clock:    clk_100mhz_BUFGP rising at 10.000ns
  Clock Uncertainty:    0.035ns

  Clock Uncertainty:          0.035ns  ((TSJ^2 + TIJ^2)^1/2 + DJ) / 2 + PE
    Total System Jitter (TSJ):  0.070ns
    Total Input Jitter (TIJ):   0.000ns
    Discrete Jitter (DJ):       0.000ns
    Phase Error (PE):           0.000ns

  Maximum Data Path at Slow Process Corner: U9/rst to U6/M2/EN
    Location             Delay type         Delay(ns)  Physical Resource
                                                       Logical Resource(s)
    -------------------------------------------------  -------------------
    SLICE_X104Y31.AQ     Tcko                  0.259   rst
                                                       U9/rst
    SLICE_X32Y79.A1      net (fanout=332)      3.341   rst
    SLICE_X32Y79.A       Tilo                  0.043   U6/M2/rst_inv
                                                       U6/M2/rst_inv1_INV_0
    SLICE_X33Y80.CE      net (fanout=3)        0.283   U6/M2/rst_inv
    SLICE_X33Y80.CLK     Tceck                 0.201   SEGEN_OBUF
                                                       U6/M2/EN
    -------------------------------------------------  ---------------------------
    Total                                      4.127ns (0.503ns logic, 3.624ns route)
                                                       (12.2% logic, 87.8% route)

--------------------------------------------------------------------------------

Hold Paths: TS_CLK_100M = PERIOD TIMEGRP "TM_CLK" 10 ns HIGH 50%;
--------------------------------------------------------------------------------

Paths for end point U6/M2/Go_0 (SLICE_X36Y81.AX), 1 path
--------------------------------------------------------------------------------
Slack (hold path):      0.170ns (requirement - (clock path skew + uncertainty - data path))
  Source:               U8/clkdiv_20 (FF)
  Destination:          U6/M2/Go_0 (FF)
  Requirement:          0.000ns
  Data Path Delay:      0.200ns (Levels of Logic = 0)
  Clock Path Skew:      0.030ns (0.321 - 0.291)
  Source Clock:         clk_100mhz_BUFGP rising at 10.000ns
  Destination Clock:    clk_100mhz_BUFGP rising at 10.000ns
  Clock Uncertainty:    0.000ns

  Minimum Data Path at Fast Process Corner: U8/clkdiv_20 to U6/M2/Go_0
    Location             Delay type         Delay(ns)  Physical Resource
                                                       Logical Resource(s)
    -------------------------------------------------  -------------------
    SLICE_X40Y81.AQ      Tcko                  0.118   U8/clkdiv<23>
                                                       U8/clkdiv_20
    SLICE_X36Y81.AX      net (fanout=5)        0.122   U8/clkdiv<20>
    SLICE_X36Y81.CLK     Tckdi       (-Th)     0.040   U6/M2/Go<1>
                                                       U6/M2/Go_0
    -------------------------------------------------  ---------------------------
    Total                                      0.200ns (0.078ns logic, 0.122ns route)
                                                       (39.0% logic, 61.0% route)

--------------------------------------------------------------------------------

Paths for end point U6/M2/state_FSM_FFd1 (SLICE_X33Y81.B6), 1 path
--------------------------------------------------------------------------------
Slack (hold path):      0.203ns (requirement - (clock path skew + uncertainty - data path))
  Source:               U6/M2/Go_0 (FF)
  Destination:          U6/M2/state_FSM_FFd1 (FF)
  Requirement:          0.000ns
  Data Path Delay:      0.233ns (Levels of Logic = 1)
  Clock Path Skew:      0.030ns (0.322 - 0.292)
  Source Clock:         clk_100mhz_BUFGP rising at 10.000ns
  Destination Clock:    clk_100mhz_BUFGP rising at 10.000ns
  Clock Uncertainty:    0.000ns

  Minimum Data Path at Fast Process Corner: U6/M2/Go_0 to U6/M2/state_FSM_FFd1
    Location             Delay type         Delay(ns)  Physical Resource
                                                       Logical Resource(s)
    -------------------------------------------------  -------------------
    SLICE_X36Y81.AQ      Tcko                  0.100   U6/M2/Go<1>
                                                       U6/M2/Go_0
    SLICE_X33Y81.B6      net (fanout=5)        0.165   U6/M2/Go<0>
    SLICE_X33Y81.CLK     Tah         (-Th)     0.032   U6/M2/state_FSM_FFd1
                                                       U6/M2/state_FSM_FFd1-In1
                                                       U6/M2/state_FSM_FFd1
    -------------------------------------------------  ---------------------------
    Total                                      0.233ns (0.068ns logic, 0.165ns route)
                                                       (29.2% logic, 70.8% route)

--------------------------------------------------------------------------------

Paths for end point U6/M2/S_0_1 (SLICE_X32Y80.A3), 1 path
--------------------------------------------------------------------------------
Slack (hold path):      0.203ns (requirement - (clock path skew + uncertainty - data path))
  Source:               U6/M2/S_0_1 (FF)
  Destination:          U6/M2/S_0_1 (FF)
  Requirement:          0.000ns
  Data Path Delay:      0.203ns (Levels of Logic = 1)
  Clock Path Skew:      0.000ns
  Source Clock:         clk_100mhz_BUFGP rising at 10.000ns
  Destination Clock:    clk_100mhz_BUFGP rising at 10.000ns
  Clock Uncertainty:    0.000ns

  Minimum Data Path at Fast Process Corner: U6/M2/S_0_1 to U6/M2/S_0_1
    Location             Delay type         Delay(ns)  Physical Resource
                                                       Logical Resource(s)
    -------------------------------------------------  -------------------
    SLICE_X32Y80.AQ      Tcko                  0.100   U6/M2/S_0_1
                                                       U6/M2/S_0_1
    SLICE_X32Y80.A3      net (fanout=1)        0.135   U6/M2/S_0_1
    SLICE_X32Y80.CLK     Tah         (-Th)     0.032   U6/M2/S_0_1
                                                       U6/M2/state[1]_PWR_1_o_select_17_OUT<0>1
                                                       U6/M2/S_0_1
    -------------------------------------------------  ---------------------------
    Total                                      0.203ns (0.068ns logic, 0.135ns route)
                                                       (33.5% logic, 66.5% route)

--------------------------------------------------------------------------------

Component Switching Limit Checks: TS_CLK_100M = PERIOD TIMEGRP "TM_CLK" 10 ns HIGH 50%;
--------------------------------------------------------------------------------
Slack: 8.161ns (period - min period limit)
  Period: 10.000ns
  Min period limit: 1.839ns (543.774MHz) (Trper_CLKA)
  Physical resource: U3/U0/xst_blk_mem_generator/gnativebmg.native_blk_mem_gen/valid.cstr/ramloop[0].ram.r/v6_init.ram/NO_BMM_INFO.SP.SIMPLE_PRIM36.ram/CLKARDCLKL
  Logical resource: U3/U0/xst_blk_mem_generator/gnativebmg.native_blk_mem_gen/valid.cstr/ramloop[0].ram.r/v6_init.ram/NO_BMM_INFO.SP.SIMPLE_PRIM36.ram/CLKARDCLKL
  Location pin: RAMB36_X3Y10.CLKARDCLKL
  Clock network: clk_100mhz_BUFGP
--------------------------------------------------------------------------------
Slack: 8.161ns (period - min period limit)
  Period: 10.000ns
  Min period limit: 1.839ns (543.774MHz) (Trper_CLKA)
  Physical resource: U3/U0/xst_blk_mem_generator/gnativebmg.native_blk_mem_gen/valid.cstr/ramloop[0].ram.r/v6_init.ram/NO_BMM_INFO.SP.SIMPLE_PRIM36.ram/CLKARDCLKU
  Logical resource: U3/U0/xst_blk_mem_generator/gnativebmg.native_blk_mem_gen/valid.cstr/ramloop[0].ram.r/v6_init.ram/NO_BMM_INFO.SP.SIMPLE_PRIM36.ram/CLKARDCLKU
  Location pin: RAMB36_X3Y10.CLKARDCLKU
  Clock network: clk_100mhz_BUFGP
--------------------------------------------------------------------------------
Slack: 8.161ns (period - min period limit)
  Period: 10.000ns
  Min period limit: 1.839ns (543.774MHz) (Trper_CLKB)
  Physical resource: U3/U0/xst_blk_mem_generator/gnativebmg.native_blk_mem_gen/valid.cstr/ramloop[0].ram.r/v6_init.ram/NO_BMM_INFO.SP.SIMPLE_PRIM36.ram/CLKBWRCLKL
  Logical resource: U3/U0/xst_blk_mem_generator/gnativebmg.native_blk_mem_gen/valid.cstr/ramloop[0].ram.r/v6_init.ram/NO_BMM_INFO.SP.SIMPLE_PRIM36.ram/CLKBWRCLKL
  Location pin: RAMB36_X3Y10.CLKBWRCLKL
  Clock network: clk_100mhz_BUFGP
--------------------------------------------------------------------------------


All constraints were met.


Data Sheet report:
-----------------
All values displayed in nanoseconds (ns)

Clock to Setup on destination clock clk_100mhz
---------------+---------+---------+---------+---------+
               | Src:Rise| Src:Fall| Src:Rise| Src:Fall|
Source Clock   |Dest:Rise|Dest:Rise|Dest:Fall|Dest:Fall|
---------------+---------+---------+---------+---------+
clk_100mhz     |    4.573|         |         |         |
---------------+---------+---------+---------+---------+


Timing summary:
---------------

Timing errors: 0  Score: 0  (Setup/Max: 0, Hold: 0)

Constraints cover 5103 paths, 0 nets, and 651 connections

Design statistics:
   Minimum period:   4.573ns{1}   (Maximum frequency: 218.675MHz)


------------------------------------Footnotes-----------------------------------
1)  The minimum period statistic assumes all single cycle delays.

Analysis completed Tue Apr 18 20:32:41 2017 
--------------------------------------------------------------------------------

Trace Settings:
-------------------------
Trace Settings 

Peak Memory Usage: 785 MB



