--------------------------------------------------------------------------------
Release 14.7 Trace  (nt64)
Copyright (c) 1995-2013 Xilinx, Inc.  All rights reserved.

C:\Xilinx\14.7\ISE_DS\ISE\bin\nt64\unwrapped\trce.exe -intstyle ise -v 3 -s 1
-n 3 -fastpaths -xml Framework.twx Framework.ncd -o Framework.twr Framework.pcf

Design file:              Framework.ncd
Physical constraint file: Framework.pcf
Device,package,speed:     xc7k160t,ffg676,C,-1 (PRODUCTION 1.10 2013-10-13)
Report level:             verbose report

Environment Variable      Effect 
--------------------      ------ 
NONE                      No environment variables were set
--------------------------------------------------------------------------------

INFO:Timing:3412 - To improve timing, see the Timing Closure User Guide (UG612).
INFO:Timing:2752 - To get complete path coverage, use the unconstrained paths 
   option. All paths that are not constrained will be reported in the 
   unconstrained paths section(s) of the report.
INFO:Timing:3339 - The clock-to-out numbers in this timing report are based on 
   a 50 Ohm transmission line loading model.  For the details of this model, 
   and for more information on accounting for different loading conditions, 
   please see the device datasheet.

================================================================================
Timing constraint: TS_CLK_100M = PERIOD TIMEGRP "TM_CLK" 10 ns HIGH 50%;
For more information, see Period Analysis in the Timing Closure User Guide (UG612).

 5103 paths analyzed, 501 endpoints analyzed, 0 failing endpoints
 0 timing errors detected. (0 setup errors, 0 hold errors, 0 component switching limit errors)
 Minimum period is   5.110ns.
--------------------------------------------------------------------------------

Paths for end point U6/M2/EN (SLICE_X45Y74.CE), 1 path
--------------------------------------------------------------------------------
Slack (setup path):     4.890ns (requirement - (data path - clock path skew + uncertainty))
  Source:               U9/rst (FF)
  Destination:          U6/M2/EN (FF)
  Requirement:          10.000ns
  Data Path Delay:      4.715ns (Levels of Logic = 1)
  Clock Path Skew:      -0.360ns (1.157 - 1.517)
  Source Clock:         clk_100mhz_BUFGP rising at 0.000ns
  Destination Clock:    clk_100mhz_BUFGP rising at 10.000ns
  Clock Uncertainty:    0.035ns

  Clock Uncertainty:          0.035ns  ((TSJ^2 + TIJ^2)^1/2 + DJ) / 2 + PE
    Total System Jitter (TSJ):  0.070ns
    Total Input Jitter (TIJ):   0.000ns
    Discrete Jitter (DJ):       0.000ns
    Phase Error (PE):           0.000ns

  Maximum Data Path at Slow Process Corner: U9/rst to U6/M2/EN
    Location             Delay type         Delay(ns)  Physical Resource
                                                       Logical Resource(s)
    -------------------------------------------------  -------------------
    SLICE_X98Y34.AQ      Tcko                  0.308   rst
                                                       U9/rst
    SLICE_X44Y73.A2      net (fanout=208)      3.747   rst
    SLICE_X44Y73.A       Tilo                  0.053   U6/M2/rst_inv
                                                       U6/M2/rst_inv1_INV_0
    SLICE_X45Y74.CE      net (fanout=3)        0.363   U6/M2/rst_inv
    SLICE_X45Y74.CLK     Tceck                 0.244   SEGEN_OBUF
                                                       U6/M2/EN
    -------------------------------------------------  ---------------------------
    Total                                      4.715ns (0.605ns logic, 4.110ns route)
                                                       (12.8% logic, 87.2% route)

--------------------------------------------------------------------------------

Paths for end point U6/M2/S_0_1 (SLICE_X44Y74.CE), 1 path
--------------------------------------------------------------------------------
Slack (setup path):     4.915ns (requirement - (data path - clock path skew + uncertainty))
  Source:               U9/rst (FF)
  Destination:          U6/M2/S_0_1 (FF)
  Requirement:          10.000ns
  Data Path Delay:      4.690ns (Levels of Logic = 1)
  Clock Path Skew:      -0.360ns (1.157 - 1.517)
  Source Clock:         clk_100mhz_BUFGP rising at 0.000ns
  Destination Clock:    clk_100mhz_BUFGP rising at 10.000ns
  Clock Uncertainty:    0.035ns

  Clock Uncertainty:          0.035ns  ((TSJ^2 + TIJ^2)^1/2 + DJ) / 2 + PE
    Total System Jitter (TSJ):  0.070ns
    Total Input Jitter (TIJ):   0.000ns
    Discrete Jitter (DJ):       0.000ns
    Phase Error (PE):           0.000ns

  Maximum Data Path at Slow Process Corner: U9/rst to U6/M2/S_0_1
    Location             Delay type         Delay(ns)  Physical Resource
                                                       Logical Resource(s)
    -------------------------------------------------  -------------------
    SLICE_X98Y34.AQ      Tcko                  0.308   rst
                                                       U9/rst
    SLICE_X44Y73.A2      net (fanout=208)      3.747   rst
    SLICE_X44Y73.A       Tilo                  0.053   U6/M2/rst_inv
                                                       U6/M2/rst_inv1_INV_0
    SLICE_X44Y74.CE      net (fanout=3)        0.363   U6/M2/rst_inv
    SLICE_X44Y74.CLK     Tceck                 0.219   U6/M2/S_0_1
                                                       U6/M2/S_0_1
    -------------------------------------------------  ---------------------------
    Total                                      4.690ns (0.580ns logic, 4.110ns route)
                                                       (12.4% logic, 87.6% route)

--------------------------------------------------------------------------------

Paths for end point U6/M2/S_0 (SLICE_X46Y73.CE), 1 path
--------------------------------------------------------------------------------
Slack (setup path):     5.023ns (requirement - (data path - clock path skew + uncertainty))
  Source:               U9/rst (FF)
  Destination:          U6/M2/S_0 (FF)
  Requirement:          10.000ns
  Data Path Delay:      4.584ns (Levels of Logic = 1)
  Clock Path Skew:      -0.358ns (1.159 - 1.517)
  Source Clock:         clk_100mhz_BUFGP rising at 0.000ns
  Destination Clock:    clk_100mhz_BUFGP rising at 10.000ns
  Clock Uncertainty:    0.035ns

  Clock Uncertainty:          0.035ns  ((TSJ^2 + TIJ^2)^1/2 + DJ) / 2 + PE
    Total System Jitter (TSJ):  0.070ns
    Total Input Jitter (TIJ):   0.000ns
    Discrete Jitter (DJ):       0.000ns
    Phase Error (PE):           0.000ns

  Maximum Data Path at Slow Process Corner: U9/rst to U6/M2/S_0
    Location             Delay type         Delay(ns)  Physical Resource
                                                       Logical Resource(s)
    -------------------------------------------------  -------------------
    SLICE_X98Y34.AQ      Tcko                  0.308   rst
                                                       U9/rst
    SLICE_X44Y73.A2      net (fanout=208)      3.747   rst
    SLICE_X44Y73.A       Tilo                  0.053   U6/M2/rst_inv
                                                       U6/M2/rst_inv1_INV_0
    SLICE_X46Y73.CE      net (fanout=3)        0.257   U6/M2/rst_inv
    SLICE_X46Y73.CLK     Tceck                 0.219   U6/M2/S<1>
                                                       U6/M2/S_0
    -------------------------------------------------  ---------------------------
    Total                                      4.584ns (0.580ns logic, 4.004ns route)
                                                       (12.7% logic, 87.3% route)

--------------------------------------------------------------------------------

Hold Paths: TS_CLK_100M = PERIOD TIMEGRP "TM_CLK" 10 ns HIGH 50%;
--------------------------------------------------------------------------------

Paths for end point U6/M2/sh_clk (SLICE_X44Y80.A6), 1 path
--------------------------------------------------------------------------------
Slack (hold path):      0.139ns (requirement - (clock path skew + uncertainty - data path))
  Source:               U6/M2/sh_clk_1 (FF)
  Destination:          U6/M2/sh_clk (FF)
  Requirement:          0.000ns
  Data Path Delay:      0.139ns (Levels of Logic = 1)
  Clock Path Skew:      0.000ns
  Source Clock:         clk_100mhz_BUFGP rising at 10.000ns
  Destination Clock:    clk_100mhz_BUFGP rising at 10.000ns
  Clock Uncertainty:    0.000ns

  Minimum Data Path at Fast Process Corner: U6/M2/sh_clk_1 to U6/M2/sh_clk
    Location             Delay type         Delay(ns)  Physical Resource
                                                       Logical Resource(s)
    -------------------------------------------------  -------------------
    SLICE_X44Y80.AMUX    Tshcko                0.143   U6/M2/sh_clk
                                                       U6/M2/sh_clk_1
    SLICE_X44Y80.A6      net (fanout=1)        0.055   U6/M2/sh_clk_1
    SLICE_X44Y80.CLK     Tah         (-Th)     0.059   U6/M2/sh_clk
                                                       U6/M2/state[1]_GND_1_o_Select_19_o1
                                                       U6/M2/sh_clk
    -------------------------------------------------  ---------------------------
    Total                                      0.139ns (0.084ns logic, 0.055ns route)
                                                       (60.4% logic, 39.6% route)

--------------------------------------------------------------------------------

Paths for end point U6/M2/EN (SLICE_X45Y74.A6), 1 path
--------------------------------------------------------------------------------
Slack (hold path):      0.178ns (requirement - (clock path skew + uncertainty - data path))
  Source:               U6/M2/EN (FF)
  Destination:          U6/M2/EN (FF)
  Requirement:          0.000ns
  Data Path Delay:      0.178ns (Levels of Logic = 1)
  Clock Path Skew:      0.000ns
  Source Clock:         clk_100mhz_BUFGP rising at 10.000ns
  Destination Clock:    clk_100mhz_BUFGP rising at 10.000ns
  Clock Uncertainty:    0.000ns

  Minimum Data Path at Fast Process Corner: U6/M2/EN to U6/M2/EN
    Location             Delay type         Delay(ns)  Physical Resource
                                                       Logical Resource(s)
    -------------------------------------------------  -------------------
    SLICE_X45Y74.AQ      Tcko                  0.100   SEGEN_OBUF
                                                       U6/M2/EN
    SLICE_X45Y74.A6      net (fanout=2)        0.110   SEGEN_OBUF
    SLICE_X45Y74.CLK     Tah         (-Th)     0.032   SEGEN_OBUF
                                                       U6/M2/state[1]_Go[1]_Select_16_o1
                                                       U6/M2/EN
    -------------------------------------------------  ---------------------------
    Total                                      0.178ns (0.068ns logic, 0.110ns route)
                                                       (38.2% logic, 61.8% route)

--------------------------------------------------------------------------------

Paths for end point U9/SW_OK_6 (SLICE_X83Y54.D3), 1 path
--------------------------------------------------------------------------------
Slack (hold path):      0.208ns (requirement - (clock path skew + uncertainty - data path))
  Source:               U9/SW_OK_6 (FF)
  Destination:          U9/SW_OK_6 (FF)
  Requirement:          0.000ns
  Data Path Delay:      0.208ns (Levels of Logic = 1)
  Clock Path Skew:      0.000ns
  Source Clock:         clk_100mhz_BUFGP rising at 10.000ns
  Destination Clock:    clk_100mhz_BUFGP rising at 10.000ns
  Clock Uncertainty:    0.000ns

  Minimum Data Path at Fast Process Corner: U9/SW_OK_6 to U9/SW_OK_6
    Location             Delay type         Delay(ns)  Physical Resource
                                                       Logical Resource(s)
    -------------------------------------------------  -------------------
    SLICE_X83Y54.DQ      Tcko                  0.100   SW_OK<6>
                                                       U9/SW_OK_6
    SLICE_X83Y54.D3      net (fanout=91)       0.141   SW_OK<6>
    SLICE_X83Y54.CLK     Tah         (-Th)     0.033   SW_OK<6>
                                                       U9/SW_OK_6_dpot1
                                                       U9/SW_OK_6
    -------------------------------------------------  ---------------------------
    Total                                      0.208ns (0.067ns logic, 0.141ns route)
                                                       (32.2% logic, 67.8% route)

--------------------------------------------------------------------------------

Component Switching Limit Checks: TS_CLK_100M = PERIOD TIMEGRP "TM_CLK" 10 ns HIGH 50%;
--------------------------------------------------------------------------------
Slack: 7.817ns (period - min period limit)
  Period: 10.000ns
  Min period limit: 2.183ns (458.085MHz) (Trper_CLKA)
  Physical resource: U3/U0/xst_blk_mem_generator/gnativebmg.native_blk_mem_gen/valid.cstr/ramloop[0].ram.r/v6_init.ram/NO_BMM_INFO.SP.SIMPLE_PRIM36.ram/CLKARDCLKL
  Logical resource: U3/U0/xst_blk_mem_generator/gnativebmg.native_blk_mem_gen/valid.cstr/ramloop[0].ram.r/v6_init.ram/NO_BMM_INFO.SP.SIMPLE_PRIM36.ram/CLKARDCLKL
  Location pin: RAMB36_X2Y8.CLKARDCLKL
  Clock network: clk_100mhz_BUFGP
--------------------------------------------------------------------------------
Slack: 7.817ns (period - min period limit)
  Period: 10.000ns
  Min period limit: 2.183ns (458.085MHz) (Trper_CLKA)
  Physical resource: U3/U0/xst_blk_mem_generator/gnativebmg.native_blk_mem_gen/valid.cstr/ramloop[0].ram.r/v6_init.ram/NO_BMM_INFO.SP.SIMPLE_PRIM36.ram/CLKARDCLKU
  Logical resource: U3/U0/xst_blk_mem_generator/gnativebmg.native_blk_mem_gen/valid.cstr/ramloop[0].ram.r/v6_init.ram/NO_BMM_INFO.SP.SIMPLE_PRIM36.ram/CLKARDCLKU
  Location pin: RAMB36_X2Y8.CLKARDCLKU
  Clock network: clk_100mhz_BUFGP
--------------------------------------------------------------------------------
Slack: 7.817ns (period - min period limit)
  Period: 10.000ns
  Min period limit: 2.183ns (458.085MHz) (Trper_CLKB)
  Physical resource: U3/U0/xst_blk_mem_generator/gnativebmg.native_blk_mem_gen/valid.cstr/ramloop[0].ram.r/v6_init.ram/NO_BMM_INFO.SP.SIMPLE_PRIM36.ram/CLKBWRCLKL
  Logical resource: U3/U0/xst_blk_mem_generator/gnativebmg.native_blk_mem_gen/valid.cstr/ramloop[0].ram.r/v6_init.ram/NO_BMM_INFO.SP.SIMPLE_PRIM36.ram/CLKBWRCLKL
  Location pin: RAMB36_X2Y8.CLKBWRCLKL
  Clock network: clk_100mhz_BUFGP
--------------------------------------------------------------------------------


All constraints were met.


Data Sheet report:
-----------------
All values displayed in nanoseconds (ns)

Clock to Setup on destination clock clk_100mhz
---------------+---------+---------+---------+---------+
               | Src:Rise| Src:Fall| Src:Rise| Src:Fall|
Source Clock   |Dest:Rise|Dest:Rise|Dest:Fall|Dest:Fall|
---------------+---------+---------+---------+---------+
clk_100mhz     |    5.110|         |         |         |
---------------+---------+---------+---------+---------+


Timing summary:
---------------

Timing errors: 0  Score: 0  (Setup/Max: 0, Hold: 0)

Constraints cover 5103 paths, 0 nets, and 650 connections

Design statistics:
   Minimum period:   5.110ns{1}   (Maximum frequency: 195.695MHz)


------------------------------------Footnotes-----------------------------------
1)  The minimum period statistic assumes all single cycle delays.

Analysis completed Tue May 16 15:22:05 2017 
--------------------------------------------------------------------------------

Trace Settings:
-------------------------
Trace Settings 

Peak Memory Usage: 785 MB



