--------------------------------------------------------------------------------
Release 14.7 Trace  (nt64)
Copyright (c) 1995-2013 Xilinx, Inc.  All rights reserved.

C:\Xilinx\14.7\ISE_DS\ISE\bin\nt64\unwrapped\trce.exe -intstyle ise -v 3 -s 2L
-n 3 -fastpaths -xml OExp02_IO.twx OExp02_IO.ncd -o OExp02_IO.twr OExp02_IO.pcf

Design file:              OExp02_IO.ncd
Physical constraint file: OExp02_IO.pcf
Device,package,speed:     xc7k160t,ffg676,C,-2L (PRODUCTION 1.10 2013-10-13)
Report level:             verbose report

Environment Variable      Effect 
--------------------      ------ 
NONE                      No environment variables were set
--------------------------------------------------------------------------------

INFO:Timing:3412 - To improve timing, see the Timing Closure User Guide (UG612).
INFO:Timing:2752 - To get complete path coverage, use the unconstrained paths 
   option. All paths that are not constrained will be reported in the 
   unconstrained paths section(s) of the report.
INFO:Timing:3339 - The clock-to-out numbers in this timing report are based on 
   a 50 Ohm transmission line loading model.  For the details of this model, 
   and for more information on accounting for different loading conditions, 
   please see the device datasheet.

================================================================================
Timing constraint: TS_CLK_100M = PERIOD TIMEGRP "TM_CLK" 10 ns HIGH 50%;
For more information, see Period Analysis in the Timing Closure User Guide (UG612).

 5103 paths analyzed, 501 endpoints analyzed, 0 failing endpoints
 0 timing errors detected. (0 setup errors, 0 hold errors, 0 component switching limit errors)
 Minimum period is   4.033ns.
--------------------------------------------------------------------------------

Paths for end point U6/P7SEG/S_0 (SLICE_X42Y76.CE), 1 path
--------------------------------------------------------------------------------
Slack (setup path):     5.967ns (requirement - (data path - clock path skew + uncertainty))
  Source:               U9/rst (FF)
  Destination:          U6/P7SEG/S_0 (FF)
  Requirement:          10.000ns
  Data Path Delay:      3.650ns (Levels of Logic = 1)
  Clock Path Skew:      -0.348ns (0.984 - 1.332)
  Source Clock:         clk_100mhz_BUFGP rising at 0.000ns
  Destination Clock:    clk_100mhz_BUFGP rising at 10.000ns
  Clock Uncertainty:    0.035ns

  Clock Uncertainty:          0.035ns  ((TSJ^2 + TIJ^2)^1/2 + DJ) / 2 + PE
    Total System Jitter (TSJ):  0.070ns
    Total Input Jitter (TIJ):   0.000ns
    Discrete Jitter (DJ):       0.000ns
    Phase Error (PE):           0.000ns

  Maximum Data Path at Slow Process Corner: U9/rst to U6/P7SEG/S_0
    Location             Delay type         Delay(ns)  Physical Resource
                                                       Logical Resource(s)
    -------------------------------------------------  -------------------
    SLICE_X100Y35.DQ     Tcko                  0.223   rst
                                                       U9/rst
    SLICE_X42Y76.D2      net (fanout=335)      2.979   rst
    SLICE_X42Y76.D       Tilo                  0.043   U6/P7SEG/S<1>
                                                       U6/P7SEG/rst_inv1_INV_0
    SLICE_X42Y76.CE      net (fanout=2)        0.227   U6/P7SEG/rst_inv
    SLICE_X42Y76.CLK     Tceck                 0.178   U6/P7SEG/S<1>
                                                       U6/P7SEG/S_0
    -------------------------------------------------  ---------------------------
    Total                                      3.650ns (0.444ns logic, 3.206ns route)
                                                       (12.2% logic, 87.8% route)

--------------------------------------------------------------------------------

Paths for end point U6/P7SEG/S_1 (SLICE_X42Y76.CE), 1 path
--------------------------------------------------------------------------------
Slack (setup path):     5.967ns (requirement - (data path - clock path skew + uncertainty))
  Source:               U9/rst (FF)
  Destination:          U6/P7SEG/S_1 (FF)
  Requirement:          10.000ns
  Data Path Delay:      3.650ns (Levels of Logic = 1)
  Clock Path Skew:      -0.348ns (0.984 - 1.332)
  Source Clock:         clk_100mhz_BUFGP rising at 0.000ns
  Destination Clock:    clk_100mhz_BUFGP rising at 10.000ns
  Clock Uncertainty:    0.035ns

  Clock Uncertainty:          0.035ns  ((TSJ^2 + TIJ^2)^1/2 + DJ) / 2 + PE
    Total System Jitter (TSJ):  0.070ns
    Total Input Jitter (TIJ):   0.000ns
    Discrete Jitter (DJ):       0.000ns
    Phase Error (PE):           0.000ns

  Maximum Data Path at Slow Process Corner: U9/rst to U6/P7SEG/S_1
    Location             Delay type         Delay(ns)  Physical Resource
                                                       Logical Resource(s)
    -------------------------------------------------  -------------------
    SLICE_X100Y35.DQ     Tcko                  0.223   rst
                                                       U9/rst
    SLICE_X42Y76.D2      net (fanout=335)      2.979   rst
    SLICE_X42Y76.D       Tilo                  0.043   U6/P7SEG/S<1>
                                                       U6/P7SEG/rst_inv1_INV_0
    SLICE_X42Y76.CE      net (fanout=2)        0.227   U6/P7SEG/rst_inv
    SLICE_X42Y76.CLK     Tceck                 0.178   U6/P7SEG/S<1>
                                                       U6/P7SEG/S_1
    -------------------------------------------------  ---------------------------
    Total                                      3.650ns (0.444ns logic, 3.206ns route)
                                                       (12.2% logic, 87.8% route)

--------------------------------------------------------------------------------

Paths for end point U6/P7SEG/S_0_1 (SLICE_X42Y76.CE), 1 path
--------------------------------------------------------------------------------
Slack (setup path):     5.967ns (requirement - (data path - clock path skew + uncertainty))
  Source:               U9/rst (FF)
  Destination:          U6/P7SEG/S_0_1 (FF)
  Requirement:          10.000ns
  Data Path Delay:      3.650ns (Levels of Logic = 1)
  Clock Path Skew:      -0.348ns (0.984 - 1.332)
  Source Clock:         clk_100mhz_BUFGP rising at 0.000ns
  Destination Clock:    clk_100mhz_BUFGP rising at 10.000ns
  Clock Uncertainty:    0.035ns

  Clock Uncertainty:          0.035ns  ((TSJ^2 + TIJ^2)^1/2 + DJ) / 2 + PE
    Total System Jitter (TSJ):  0.070ns
    Total Input Jitter (TIJ):   0.000ns
    Discrete Jitter (DJ):       0.000ns
    Phase Error (PE):           0.000ns

  Maximum Data Path at Slow Process Corner: U9/rst to U6/P7SEG/S_0_1
    Location             Delay type         Delay(ns)  Physical Resource
                                                       Logical Resource(s)
    -------------------------------------------------  -------------------
    SLICE_X100Y35.DQ     Tcko                  0.223   rst
                                                       U9/rst
    SLICE_X42Y76.D2      net (fanout=335)      2.979   rst
    SLICE_X42Y76.D       Tilo                  0.043   U6/P7SEG/S<1>
                                                       U6/P7SEG/rst_inv1_INV_0
    SLICE_X42Y76.CE      net (fanout=2)        0.227   U6/P7SEG/rst_inv
    SLICE_X42Y76.CLK     Tceck                 0.178   U6/P7SEG/S<1>
                                                       U6/P7SEG/S_0_1
    -------------------------------------------------  ---------------------------
    Total                                      3.650ns (0.444ns logic, 3.206ns route)
                                                       (12.2% logic, 87.8% route)

--------------------------------------------------------------------------------

Hold Paths: TS_CLK_100M = PERIOD TIMEGRP "TM_CLK" 10 ns HIGH 50%;
--------------------------------------------------------------------------------

Paths for end point U6/P7SEG/sh_clk (SLICE_X43Y83.A6), 1 path
--------------------------------------------------------------------------------
Slack (hold path):      0.149ns (requirement - (clock path skew + uncertainty - data path))
  Source:               U6/P7SEG/sh_clk_1 (FF)
  Destination:          U6/P7SEG/sh_clk (FF)
  Requirement:          0.000ns
  Data Path Delay:      0.149ns (Levels of Logic = 1)
  Clock Path Skew:      0.000ns
  Source Clock:         clk_100mhz_BUFGP rising at 10.000ns
  Destination Clock:    clk_100mhz_BUFGP rising at 10.000ns
  Clock Uncertainty:    0.000ns

  Minimum Data Path at Fast Process Corner: U6/P7SEG/sh_clk_1 to U6/P7SEG/sh_clk
    Location             Delay type         Delay(ns)  Physical Resource
                                                       Logical Resource(s)
    -------------------------------------------------  -------------------
    SLICE_X43Y83.AMUX    Tshcko                0.129   U6/P7SEG/sh_clk
                                                       U6/P7SEG/sh_clk_1
    SLICE_X43Y83.A6      net (fanout=1)        0.052   U6/P7SEG/sh_clk_1
    SLICE_X43Y83.CLK     Tah         (-Th)     0.032   U6/P7SEG/sh_clk
                                                       U6/P7SEG/state[1]_GND_13_o_Select_19_o1
                                                       U6/P7SEG/sh_clk
    -------------------------------------------------  ---------------------------
    Total                                      0.149ns (0.097ns logic, 0.052ns route)
                                                       (65.1% logic, 34.9% route)

--------------------------------------------------------------------------------

Paths for end point U6/P7SEG/EN (SLICE_X43Y77.C6), 1 path
--------------------------------------------------------------------------------
Slack (hold path):      0.150ns (requirement - (clock path skew + uncertainty - data path))
  Source:               U6/P7SEG/state_FSM_FFd1 (FF)
  Destination:          U6/P7SEG/EN (FF)
  Requirement:          0.000ns
  Data Path Delay:      0.161ns (Levels of Logic = 1)
  Clock Path Skew:      0.011ns (0.063 - 0.052)
  Source Clock:         clk_100mhz_BUFGP rising at 10.000ns
  Destination Clock:    clk_100mhz_BUFGP rising at 10.000ns
  Clock Uncertainty:    0.000ns

  Minimum Data Path at Fast Process Corner: U6/P7SEG/state_FSM_FFd1 to U6/P7SEG/EN
    Location             Delay type         Delay(ns)  Physical Resource
                                                       Logical Resource(s)
    -------------------------------------------------  -------------------
    SLICE_X42Y77.BQ      Tcko                  0.118   U6/P7SEG/state_FSM_FFd1
                                                       U6/P7SEG/state_FSM_FFd1
    SLICE_X43Y77.C6      net (fanout=5)        0.076   U6/P7SEG/state_FSM_FFd1
    SLICE_X43Y77.CLK     Tah         (-Th)     0.033   SEGEN_OBUF
                                                       U6/P7SEG/state[1]_Go[1]_Select_16_o1
                                                       U6/P7SEG/EN
    -------------------------------------------------  ---------------------------
    Total                                      0.161ns (0.085ns logic, 0.076ns route)
                                                       (52.8% logic, 47.2% route)

--------------------------------------------------------------------------------

Paths for end point U6/P7SEG/Go_0 (SLICE_X43Y76.AX), 1 path
--------------------------------------------------------------------------------
Slack (hold path):      0.198ns (requirement - (clock path skew + uncertainty - data path))
  Source:               U8/clkdiv_10 (FF)
  Destination:          U6/P7SEG/Go_0 (FF)
  Requirement:          0.000ns
  Data Path Delay:      0.228ns (Levels of Logic = 0)
  Clock Path Skew:      0.030ns (0.313 - 0.283)
  Source Clock:         clk_100mhz_BUFGP rising at 10.000ns
  Destination Clock:    clk_100mhz_BUFGP rising at 10.000ns
  Clock Uncertainty:    0.000ns

  Minimum Data Path at Fast Process Corner: U8/clkdiv_10 to U6/P7SEG/Go_0
    Location             Delay type         Delay(ns)  Physical Resource
                                                       Logical Resource(s)
    -------------------------------------------------  -------------------
    SLICE_X47Y75.CQ      Tcko                  0.100   U8/clkdiv<11>
                                                       U8/clkdiv_10
    SLICE_X43Y76.AX      net (fanout=4)        0.175   U8/clkdiv<10>
    SLICE_X43Y76.CLK     Tckdi       (-Th)     0.047   U6/P7SEG/Go<1>
                                                       U6/P7SEG/Go_0
    -------------------------------------------------  ---------------------------
    Total                                      0.228ns (0.053ns logic, 0.175ns route)
                                                       (23.2% logic, 76.8% route)

--------------------------------------------------------------------------------

Component Switching Limit Checks: TS_CLK_100M = PERIOD TIMEGRP "TM_CLK" 10 ns HIGH 50%;
--------------------------------------------------------------------------------
Slack: 8.161ns (period - min period limit)
  Period: 10.000ns
  Min period limit: 1.839ns (543.774MHz) (Trper_CLKA)
  Physical resource: U3/U0/xst_blk_mem_generator/gnativebmg.native_blk_mem_gen/valid.cstr/ramloop[0].ram.r/v6_init.ram/NO_BMM_INFO.SP.SIMPLE_PRIM36.ram/CLKARDCLKL
  Logical resource: U3/U0/xst_blk_mem_generator/gnativebmg.native_blk_mem_gen/valid.cstr/ramloop[0].ram.r/v6_init.ram/NO_BMM_INFO.SP.SIMPLE_PRIM36.ram/CLKARDCLKL
  Location pin: RAMB36_X3Y10.CLKARDCLKL
  Clock network: clk_100mhz_BUFGP
--------------------------------------------------------------------------------
Slack: 8.161ns (period - min period limit)
  Period: 10.000ns
  Min period limit: 1.839ns (543.774MHz) (Trper_CLKA)
  Physical resource: U3/U0/xst_blk_mem_generator/gnativebmg.native_blk_mem_gen/valid.cstr/ramloop[0].ram.r/v6_init.ram/NO_BMM_INFO.SP.SIMPLE_PRIM36.ram/CLKARDCLKU
  Logical resource: U3/U0/xst_blk_mem_generator/gnativebmg.native_blk_mem_gen/valid.cstr/ramloop[0].ram.r/v6_init.ram/NO_BMM_INFO.SP.SIMPLE_PRIM36.ram/CLKARDCLKU
  Location pin: RAMB36_X3Y10.CLKARDCLKU
  Clock network: clk_100mhz_BUFGP
--------------------------------------------------------------------------------
Slack: 8.161ns (period - min period limit)
  Period: 10.000ns
  Min period limit: 1.839ns (543.774MHz) (Trper_CLKB)
  Physical resource: U3/U0/xst_blk_mem_generator/gnativebmg.native_blk_mem_gen/valid.cstr/ramloop[0].ram.r/v6_init.ram/NO_BMM_INFO.SP.SIMPLE_PRIM36.ram/CLKBWRCLKL
  Logical resource: U3/U0/xst_blk_mem_generator/gnativebmg.native_blk_mem_gen/valid.cstr/ramloop[0].ram.r/v6_init.ram/NO_BMM_INFO.SP.SIMPLE_PRIM36.ram/CLKBWRCLKL
  Location pin: RAMB36_X3Y10.CLKBWRCLKL
  Clock network: clk_100mhz_BUFGP
--------------------------------------------------------------------------------


All constraints were met.


Data Sheet report:
-----------------
All values displayed in nanoseconds (ns)

Clock to Setup on destination clock clk_100mhz
---------------+---------+---------+---------+---------+
               | Src:Rise| Src:Fall| Src:Rise| Src:Fall|
Source Clock   |Dest:Rise|Dest:Rise|Dest:Fall|Dest:Fall|
---------------+---------+---------+---------+---------+
clk_100mhz     |    4.033|         |         |         |
---------------+---------+---------+---------+---------+


Timing summary:
---------------

Timing errors: 0  Score: 0  (Setup/Max: 0, Hold: 0)

Constraints cover 5103 paths, 0 nets, and 650 connections

Design statistics:
   Minimum period:   4.033ns{1}   (Maximum frequency: 247.954MHz)


------------------------------------Footnotes-----------------------------------
1)  The minimum period statistic assumes all single cycle delays.

Analysis completed Mon Jun 05 19:14:44 2017 
--------------------------------------------------------------------------------

Trace Settings:
-------------------------
Trace Settings 

Peak Memory Usage: 790 MB



