--------------------------------------------------------------------------------
Release 14.7 Trace  (nt64)
Copyright (c) 1995-2013 Xilinx, Inc.  All rights reserved.

C:\Xilinx\14.7\ISE_DS\ISE\bin\nt64\unwrapped\trce.exe -intstyle ise -v 3 -s 2L
-n 3 -fastpaths -xml TOP.twx TOP.ncd -o TOP.twr TOP.pcf -ucf OExp01.ucf

Design file:              TOP.ncd
Physical constraint file: TOP.pcf
Device,package,speed:     xc7k160t,ffg676,C,-2L (PRODUCTION 1.10 2013-10-13)
Report level:             verbose report

Environment Variable      Effect 
--------------------      ------ 
NONE                      No environment variables were set
--------------------------------------------------------------------------------

INFO:Timing:3412 - To improve timing, see the Timing Closure User Guide (UG612).
INFO:Timing:2752 - To get complete path coverage, use the unconstrained paths 
   option. All paths that are not constrained will be reported in the 
   unconstrained paths section(s) of the report.
INFO:Timing:3339 - The clock-to-out numbers in this timing report are based on 
   a 50 Ohm transmission line loading model.  For the details of this model, 
   and for more information on accounting for different loading conditions, 
   please see the device datasheet.

================================================================================
Timing constraint: TS_CLK_100M = PERIOD TIMEGRP "TM_CLK" 10 ns HIGH 50%;
For more information, see Period Analysis in the Timing Closure User Guide (UG612).

 5103 paths analyzed, 501 endpoints analyzed, 0 failing endpoints
 0 timing errors detected. (0 setup errors, 0 hold errors, 0 component switching limit errors)
 Minimum period is   5.088ns.
--------------------------------------------------------------------------------

Paths for end point XLXI_33/P7SEG/sh_clk (SLICE_X48Y122.SR), 1 path
--------------------------------------------------------------------------------
Slack (setup path):     4.912ns (requirement - (data path - clock path skew + uncertainty))
  Source:               XLXI_2/rst (FF)
  Destination:          XLXI_33/P7SEG/sh_clk (FF)
  Requirement:          10.000ns
  Data Path Delay:      4.482ns (Levels of Logic = 0)
  Clock Path Skew:      -0.571ns (0.979 - 1.550)
  Source Clock:         clk_100mhz_BUFGP rising at 0.000ns
  Destination Clock:    clk_100mhz_BUFGP rising at 10.000ns
  Clock Uncertainty:    0.035ns

  Clock Uncertainty:          0.035ns  ((TSJ^2 + TIJ^2)^1/2 + DJ) / 2 + PE
    Total System Jitter (TSJ):  0.070ns
    Total Input Jitter (TIJ):   0.000ns
    Discrete Jitter (DJ):       0.000ns
    Phase Error (PE):           0.000ns

  Maximum Data Path at Slow Process Corner: XLXI_2/rst to XLXI_33/P7SEG/sh_clk
    Location             Delay type         Delay(ns)  Physical Resource
                                                       Logical Resource(s)
    -------------------------------------------------  -------------------
    SLICE_X103Y20.DQ     Tcko                  0.223   rst
                                                       XLXI_2/rst
    SLICE_X48Y122.SR     net (fanout=311)      4.047   rst
    SLICE_X48Y122.CLK    Trck                  0.212   XLXI_33/P7SEG/sh_clk
                                                       XLXI_33/P7SEG/sh_clk
    -------------------------------------------------  ---------------------------
    Total                                      4.482ns (0.435ns logic, 4.047ns route)
                                                       (9.7% logic, 90.3% route)

--------------------------------------------------------------------------------

Paths for end point XLXI_5/clkdiv_28 (SLICE_X48Y104.SR), 1 path
--------------------------------------------------------------------------------
Slack (setup path):     5.190ns (requirement - (data path - clock path skew + uncertainty))
  Source:               XLXI_2/rst (FF)
  Destination:          XLXI_5/clkdiv_28 (FF)
  Requirement:          10.000ns
  Data Path Delay:      4.217ns (Levels of Logic = 0)
  Clock Path Skew:      -0.558ns (0.992 - 1.550)
  Source Clock:         clk_100mhz_BUFGP rising at 0.000ns
  Destination Clock:    clk_100mhz_BUFGP rising at 10.000ns
  Clock Uncertainty:    0.035ns

  Clock Uncertainty:          0.035ns  ((TSJ^2 + TIJ^2)^1/2 + DJ) / 2 + PE
    Total System Jitter (TSJ):  0.070ns
    Total Input Jitter (TIJ):   0.000ns
    Discrete Jitter (DJ):       0.000ns
    Phase Error (PE):           0.000ns

  Maximum Data Path at Slow Process Corner: XLXI_2/rst to XLXI_5/clkdiv_28
    Location             Delay type         Delay(ns)  Physical Resource
                                                       Logical Resource(s)
    -------------------------------------------------  -------------------
    SLICE_X103Y20.DQ     Tcko                  0.223   rst
                                                       XLXI_2/rst
    SLICE_X48Y104.SR     net (fanout=311)      3.782   rst
    SLICE_X48Y104.CLK    Trck                  0.212   XLXI_5/clkdiv<31>
                                                       XLXI_5/clkdiv_28
    -------------------------------------------------  ---------------------------
    Total                                      4.217ns (0.435ns logic, 3.782ns route)
                                                       (10.3% logic, 89.7% route)

--------------------------------------------------------------------------------

Paths for end point XLXI_5/clkdiv_29 (SLICE_X48Y104.SR), 1 path
--------------------------------------------------------------------------------
Slack (setup path):     5.190ns (requirement - (data path - clock path skew + uncertainty))
  Source:               XLXI_2/rst (FF)
  Destination:          XLXI_5/clkdiv_29 (FF)
  Requirement:          10.000ns
  Data Path Delay:      4.217ns (Levels of Logic = 0)
  Clock Path Skew:      -0.558ns (0.992 - 1.550)
  Source Clock:         clk_100mhz_BUFGP rising at 0.000ns
  Destination Clock:    clk_100mhz_BUFGP rising at 10.000ns
  Clock Uncertainty:    0.035ns

  Clock Uncertainty:          0.035ns  ((TSJ^2 + TIJ^2)^1/2 + DJ) / 2 + PE
    Total System Jitter (TSJ):  0.070ns
    Total Input Jitter (TIJ):   0.000ns
    Discrete Jitter (DJ):       0.000ns
    Phase Error (PE):           0.000ns

  Maximum Data Path at Slow Process Corner: XLXI_2/rst to XLXI_5/clkdiv_29
    Location             Delay type         Delay(ns)  Physical Resource
                                                       Logical Resource(s)
    -------------------------------------------------  -------------------
    SLICE_X103Y20.DQ     Tcko                  0.223   rst
                                                       XLXI_2/rst
    SLICE_X48Y104.SR     net (fanout=311)      3.782   rst
    SLICE_X48Y104.CLK    Trck                  0.212   XLXI_5/clkdiv<31>
                                                       XLXI_5/clkdiv_29
    -------------------------------------------------  ---------------------------
    Total                                      4.217ns (0.435ns logic, 3.782ns route)
                                                       (10.3% logic, 89.7% route)

--------------------------------------------------------------------------------

Hold Paths: TS_CLK_100M = PERIOD TIMEGRP "TM_CLK" 10 ns HIGH 50%;
--------------------------------------------------------------------------------

Paths for end point XLXI_33/P7SEG/state_FSM_FFd1 (SLICE_X42Y90.A5), 1 path
--------------------------------------------------------------------------------
Slack (hold path):      0.126ns (requirement - (clock path skew + uncertainty - data path))
  Source:               XLXI_33/P7SEG/Go_0 (FF)
  Destination:          XLXI_33/P7SEG/state_FSM_FFd1 (FF)
  Requirement:          0.000ns
  Data Path Delay:      0.137ns (Levels of Logic = 1)
  Clock Path Skew:      0.011ns (0.063 - 0.052)
  Source Clock:         clk_100mhz_BUFGP rising at 10.000ns
  Destination Clock:    clk_100mhz_BUFGP rising at 10.000ns
  Clock Uncertainty:    0.000ns

  Minimum Data Path at Fast Process Corner: XLXI_33/P7SEG/Go_0 to XLXI_33/P7SEG/state_FSM_FFd1
    Location             Delay type         Delay(ns)  Physical Resource
                                                       Logical Resource(s)
    -------------------------------------------------  -------------------
    SLICE_X43Y90.AQ      Tcko                  0.100   XLXI_33/P7SEG/Go<1>
                                                       XLXI_33/P7SEG/Go_0
    SLICE_X42Y90.A5      net (fanout=5)        0.096   XLXI_33/P7SEG/Go<0>
    SLICE_X42Y90.CLK     Tah         (-Th)     0.059   XLXI_33/P7SEG/state_FSM_FFd1
                                                       XLXI_33/P7SEG/state_FSM_FFd1-In1
                                                       XLXI_33/P7SEG/state_FSM_FFd1
    -------------------------------------------------  ---------------------------
    Total                                      0.137ns (0.041ns logic, 0.096ns route)
                                                       (29.9% logic, 70.1% route)

--------------------------------------------------------------------------------

Paths for end point XLXI_33/P7SEG/EN (SLICE_X40Y89.A6), 1 path
--------------------------------------------------------------------------------
Slack (hold path):      0.140ns (requirement - (clock path skew + uncertainty - data path))
  Source:               XLXI_33/P7SEG/Go_1 (FF)
  Destination:          XLXI_33/P7SEG/EN (FF)
  Requirement:          0.000ns
  Data Path Delay:      0.171ns (Levels of Logic = 1)
  Clock Path Skew:      0.031ns (0.327 - 0.296)
  Source Clock:         clk_100mhz_BUFGP rising at 10.000ns
  Destination Clock:    clk_100mhz_BUFGP rising at 10.000ns
  Clock Uncertainty:    0.000ns

  Minimum Data Path at Fast Process Corner: XLXI_33/P7SEG/Go_1 to XLXI_33/P7SEG/EN
    Location             Delay type         Delay(ns)  Physical Resource
                                                       Logical Resource(s)
    -------------------------------------------------  -------------------
    SLICE_X43Y90.BQ      Tcko                  0.100   XLXI_33/P7SEG/Go<1>
                                                       XLXI_33/P7SEG/Go_1
    SLICE_X40Y89.A6      net (fanout=4)        0.130   XLXI_33/P7SEG/Go<1>
    SLICE_X40Y89.CLK     Tah         (-Th)     0.059   SEGEN_OBUF
                                                       XLXI_33/P7SEG/state[1]_Go[1]_Select_16_o1
                                                       XLXI_33/P7SEG/EN
    -------------------------------------------------  ---------------------------
    Total                                      0.171ns (0.041ns logic, 0.130ns route)
                                                       (24.0% logic, 76.0% route)

--------------------------------------------------------------------------------

Paths for end point XLXI_33/P7SEG/S_0_1 (SLICE_X42Y89.A5), 1 path
--------------------------------------------------------------------------------
Slack (hold path):      0.170ns (requirement - (clock path skew + uncertainty - data path))
  Source:               XLXI_33/P7SEG/Go_0 (FF)
  Destination:          XLXI_33/P7SEG/S_0_1 (FF)
  Requirement:          0.000ns
  Data Path Delay:      0.183ns (Levels of Logic = 1)
  Clock Path Skew:      0.013ns (0.077 - 0.064)
  Source Clock:         clk_100mhz_BUFGP rising at 10.000ns
  Destination Clock:    clk_100mhz_BUFGP rising at 10.000ns
  Clock Uncertainty:    0.000ns

  Minimum Data Path at Fast Process Corner: XLXI_33/P7SEG/Go_0 to XLXI_33/P7SEG/S_0_1
    Location             Delay type         Delay(ns)  Physical Resource
                                                       Logical Resource(s)
    -------------------------------------------------  -------------------
    SLICE_X43Y90.AQ      Tcko                  0.100   XLXI_33/P7SEG/Go<1>
                                                       XLXI_33/P7SEG/Go_0
    SLICE_X42Y89.A5      net (fanout=5)        0.142   XLXI_33/P7SEG/Go<0>
    SLICE_X42Y89.CLK     Tah         (-Th)     0.059   XLXI_33/P7SEG/S_0_1
                                                       XLXI_33/P7SEG/state[1]_PWR_13_o_select_17_OUT<0>1
                                                       XLXI_33/P7SEG/S_0_1
    -------------------------------------------------  ---------------------------
    Total                                      0.183ns (0.041ns logic, 0.142ns route)
                                                       (22.4% logic, 77.6% route)

--------------------------------------------------------------------------------

Component Switching Limit Checks: TS_CLK_100M = PERIOD TIMEGRP "TM_CLK" 10 ns HIGH 50%;
--------------------------------------------------------------------------------
Slack: 8.161ns (period - min period limit)
  Period: 10.000ns
  Min period limit: 1.839ns (543.774MHz) (Trper_CLKA)
  Physical resource: XLXI_10/U0/xst_blk_mem_generator/gnativebmg.native_blk_mem_gen/valid.cstr/ramloop[0].ram.r/v6_init.ram/NO_BMM_INFO.SP.SIMPLE_PRIM36.ram/CLKARDCLKL
  Logical resource: XLXI_10/U0/xst_blk_mem_generator/gnativebmg.native_blk_mem_gen/valid.cstr/ramloop[0].ram.r/v6_init.ram/NO_BMM_INFO.SP.SIMPLE_PRIM36.ram/CLKARDCLKL
  Location pin: RAMB36_X3Y14.CLKARDCLKL
  Clock network: clk_100mhz_BUFGP
--------------------------------------------------------------------------------
Slack: 8.161ns (period - min period limit)
  Period: 10.000ns
  Min period limit: 1.839ns (543.774MHz) (Trper_CLKA)
  Physical resource: XLXI_10/U0/xst_blk_mem_generator/gnativebmg.native_blk_mem_gen/valid.cstr/ramloop[0].ram.r/v6_init.ram/NO_BMM_INFO.SP.SIMPLE_PRIM36.ram/CLKARDCLKU
  Logical resource: XLXI_10/U0/xst_blk_mem_generator/gnativebmg.native_blk_mem_gen/valid.cstr/ramloop[0].ram.r/v6_init.ram/NO_BMM_INFO.SP.SIMPLE_PRIM36.ram/CLKARDCLKU
  Location pin: RAMB36_X3Y14.CLKARDCLKU
  Clock network: clk_100mhz_BUFGP
--------------------------------------------------------------------------------
Slack: 8.161ns (period - min period limit)
  Period: 10.000ns
  Min period limit: 1.839ns (543.774MHz) (Trper_CLKB)
  Physical resource: XLXI_10/U0/xst_blk_mem_generator/gnativebmg.native_blk_mem_gen/valid.cstr/ramloop[0].ram.r/v6_init.ram/NO_BMM_INFO.SP.SIMPLE_PRIM36.ram/CLKBWRCLKL
  Logical resource: XLXI_10/U0/xst_blk_mem_generator/gnativebmg.native_blk_mem_gen/valid.cstr/ramloop[0].ram.r/v6_init.ram/NO_BMM_INFO.SP.SIMPLE_PRIM36.ram/CLKBWRCLKL
  Location pin: RAMB36_X3Y14.CLKBWRCLKL
  Clock network: clk_100mhz_BUFGP
--------------------------------------------------------------------------------


All constraints were met.


Data Sheet report:
-----------------
All values displayed in nanoseconds (ns)

Clock to Setup on destination clock clk_100mhz
---------------+---------+---------+---------+---------+
               | Src:Rise| Src:Fall| Src:Rise| Src:Fall|
Source Clock   |Dest:Rise|Dest:Rise|Dest:Fall|Dest:Fall|
---------------+---------+---------+---------+---------+
clk_100mhz     |    5.088|         |         |         |
---------------+---------+---------+---------+---------+


Timing summary:
---------------

Timing errors: 0  Score: 0  (Setup/Max: 0, Hold: 0)

Constraints cover 5103 paths, 0 nets, and 652 connections

Design statistics:
   Minimum period:   5.088ns{1}   (Maximum frequency: 196.541MHz)


------------------------------------Footnotes-----------------------------------
1)  The minimum period statistic assumes all single cycle delays.

Analysis completed Tue Apr 11 20:12:01 2017 
--------------------------------------------------------------------------------

Trace Settings:
-------------------------
Trace Settings 

Peak Memory Usage: 790 MB



