--------------------------------------------------------------------------------
Release 14.7 Trace  (nt64)
Copyright (c) 1995-2013 Xilinx, Inc.  All rights reserved.

C:\Xilinx\14.7\ISE_DS\ISE\bin\nt64\unwrapped\trce.exe -intstyle ise -v 3 -s 1
-n 3 -fastpaths -xml Framework.twx Framework.ncd -o Framework.twr Framework.pcf

Design file:              Framework.ncd
Physical constraint file: Framework.pcf
Device,package,speed:     xc7k160t,ffg676,C,-1 (PRODUCTION 1.10 2013-10-13)
Report level:             verbose report

Environment Variable      Effect 
--------------------      ------ 
NONE                      No environment variables were set
--------------------------------------------------------------------------------

INFO:Timing:3412 - To improve timing, see the Timing Closure User Guide (UG612).
INFO:Timing:2752 - To get complete path coverage, use the unconstrained paths 
   option. All paths that are not constrained will be reported in the 
   unconstrained paths section(s) of the report.
INFO:Timing:3339 - The clock-to-out numbers in this timing report are based on 
   a 50 Ohm transmission line loading model.  For the details of this model, 
   and for more information on accounting for different loading conditions, 
   please see the device datasheet.

================================================================================
Timing constraint: TS_CLK_100M = PERIOD TIMEGRP "TM_CLK" 10 ns HIGH 50%;
For more information, see Period Analysis in the Timing Closure User Guide (UG612).

 5103 paths analyzed, 501 endpoints analyzed, 0 failing endpoints
 0 timing errors detected. (0 setup errors, 0 hold errors, 0 component switching limit errors)
 Minimum period is   4.616ns.
--------------------------------------------------------------------------------

Paths for end point U6/M2/S_0 (SLICE_X36Y73.CE), 1 path
--------------------------------------------------------------------------------
Slack (setup path):     5.384ns (requirement - (data path - clock path skew + uncertainty))
  Source:               U9/rst (FF)
  Destination:          U6/M2/S_0 (FF)
  Requirement:          10.000ns
  Data Path Delay:      4.226ns (Levels of Logic = 1)
  Clock Path Skew:      -0.355ns (1.162 - 1.517)
  Source Clock:         clk_100mhz_BUFGP rising at 0.000ns
  Destination Clock:    clk_100mhz_BUFGP rising at 10.000ns
  Clock Uncertainty:    0.035ns

  Clock Uncertainty:          0.035ns  ((TSJ^2 + TIJ^2)^1/2 + DJ) / 2 + PE
    Total System Jitter (TSJ):  0.070ns
    Total Input Jitter (TIJ):   0.000ns
    Discrete Jitter (DJ):       0.000ns
    Phase Error (PE):           0.000ns

  Maximum Data Path at Slow Process Corner: U9/rst to U6/M2/S_0
    Location             Delay type         Delay(ns)  Physical Resource
                                                       Logical Resource(s)
    -------------------------------------------------  -------------------
    SLICE_X100Y34.DQ     Tcko                  0.269   rst
                                                       U9/rst
    SLICE_X34Y73.A6      net (fanout=331)      3.254   rst
    SLICE_X34Y73.A       Tilo                  0.053   U6/M2/rst_inv
                                                       U6/M2/rst_inv1_INV_0
    SLICE_X36Y73.CE      net (fanout=2)        0.406   U6/M2/rst_inv
    SLICE_X36Y73.CLK     Tceck                 0.244   U6/M2/S<1>
                                                       U6/M2/S_0
    -------------------------------------------------  ---------------------------
    Total                                      4.226ns (0.566ns logic, 3.660ns route)
                                                       (13.4% logic, 86.6% route)

--------------------------------------------------------------------------------

Paths for end point U6/M2/S_0_1 (SLICE_X36Y73.CE), 1 path
--------------------------------------------------------------------------------
Slack (setup path):     5.384ns (requirement - (data path - clock path skew + uncertainty))
  Source:               U9/rst (FF)
  Destination:          U6/M2/S_0_1 (FF)
  Requirement:          10.000ns
  Data Path Delay:      4.226ns (Levels of Logic = 1)
  Clock Path Skew:      -0.355ns (1.162 - 1.517)
  Source Clock:         clk_100mhz_BUFGP rising at 0.000ns
  Destination Clock:    clk_100mhz_BUFGP rising at 10.000ns
  Clock Uncertainty:    0.035ns

  Clock Uncertainty:          0.035ns  ((TSJ^2 + TIJ^2)^1/2 + DJ) / 2 + PE
    Total System Jitter (TSJ):  0.070ns
    Total Input Jitter (TIJ):   0.000ns
    Discrete Jitter (DJ):       0.000ns
    Phase Error (PE):           0.000ns

  Maximum Data Path at Slow Process Corner: U9/rst to U6/M2/S_0_1
    Location             Delay type         Delay(ns)  Physical Resource
                                                       Logical Resource(s)
    -------------------------------------------------  -------------------
    SLICE_X100Y34.DQ     Tcko                  0.269   rst
                                                       U9/rst
    SLICE_X34Y73.A6      net (fanout=331)      3.254   rst
    SLICE_X34Y73.A       Tilo                  0.053   U6/M2/rst_inv
                                                       U6/M2/rst_inv1_INV_0
    SLICE_X36Y73.CE      net (fanout=2)        0.406   U6/M2/rst_inv
    SLICE_X36Y73.CLK     Tceck                 0.244   U6/M2/S<1>
                                                       U6/M2/S_0_1
    -------------------------------------------------  ---------------------------
    Total                                      4.226ns (0.566ns logic, 3.660ns route)
                                                       (13.4% logic, 86.6% route)

--------------------------------------------------------------------------------

Paths for end point U6/M2/S_1 (SLICE_X36Y73.CE), 1 path
--------------------------------------------------------------------------------
Slack (setup path):     5.384ns (requirement - (data path - clock path skew + uncertainty))
  Source:               U9/rst (FF)
  Destination:          U6/M2/S_1 (FF)
  Requirement:          10.000ns
  Data Path Delay:      4.226ns (Levels of Logic = 1)
  Clock Path Skew:      -0.355ns (1.162 - 1.517)
  Source Clock:         clk_100mhz_BUFGP rising at 0.000ns
  Destination Clock:    clk_100mhz_BUFGP rising at 10.000ns
  Clock Uncertainty:    0.035ns

  Clock Uncertainty:          0.035ns  ((TSJ^2 + TIJ^2)^1/2 + DJ) / 2 + PE
    Total System Jitter (TSJ):  0.070ns
    Total Input Jitter (TIJ):   0.000ns
    Discrete Jitter (DJ):       0.000ns
    Phase Error (PE):           0.000ns

  Maximum Data Path at Slow Process Corner: U9/rst to U6/M2/S_1
    Location             Delay type         Delay(ns)  Physical Resource
                                                       Logical Resource(s)
    -------------------------------------------------  -------------------
    SLICE_X100Y34.DQ     Tcko                  0.269   rst
                                                       U9/rst
    SLICE_X34Y73.A6      net (fanout=331)      3.254   rst
    SLICE_X34Y73.A       Tilo                  0.053   U6/M2/rst_inv
                                                       U6/M2/rst_inv1_INV_0
    SLICE_X36Y73.CE      net (fanout=2)        0.406   U6/M2/rst_inv
    SLICE_X36Y73.CLK     Tceck                 0.244   U6/M2/S<1>
                                                       U6/M2/S_1
    -------------------------------------------------  ---------------------------
    Total                                      4.226ns (0.566ns logic, 3.660ns route)
                                                       (13.4% logic, 86.6% route)

--------------------------------------------------------------------------------

Hold Paths: TS_CLK_100M = PERIOD TIMEGRP "TM_CLK" 10 ns HIGH 50%;
--------------------------------------------------------------------------------

Paths for end point U6/M2/sh_clk (SLICE_X39Y81.B6), 1 path
--------------------------------------------------------------------------------
Slack (hold path):      0.166ns (requirement - (clock path skew + uncertainty - data path))
  Source:               U6/M2/sh_clk_1 (FF)
  Destination:          U6/M2/sh_clk (FF)
  Requirement:          0.000ns
  Data Path Delay:      0.166ns (Levels of Logic = 1)
  Clock Path Skew:      0.000ns
  Source Clock:         clk_100mhz_BUFGP rising at 10.000ns
  Destination Clock:    clk_100mhz_BUFGP rising at 10.000ns
  Clock Uncertainty:    0.000ns

  Minimum Data Path at Fast Process Corner: U6/M2/sh_clk_1 to U6/M2/sh_clk
    Location             Delay type         Delay(ns)  Physical Resource
                                                       Logical Resource(s)
    -------------------------------------------------  -------------------
    SLICE_X39Y81.AQ      Tcko                  0.100   U6/M2/sh_clk
                                                       U6/M2/sh_clk_1
    SLICE_X39Y81.B6      net (fanout=1)        0.098   U6/M2/sh_clk_1
    SLICE_X39Y81.CLK     Tah         (-Th)     0.032   U6/M2/sh_clk
                                                       U6/M2/state[1]_GND_1_o_Select_19_o1
                                                       U6/M2/sh_clk
    -------------------------------------------------  ---------------------------
    Total                                      0.166ns (0.068ns logic, 0.098ns route)
                                                       (41.0% logic, 59.0% route)

--------------------------------------------------------------------------------

Paths for end point U6/M2/Go_0 (SLICE_X38Y77.AX), 1 path
--------------------------------------------------------------------------------
Slack (hold path):      0.179ns (requirement - (clock path skew + uncertainty - data path))
  Source:               U8/clkdiv_20 (FF)
  Destination:          U6/M2/Go_0 (FF)
  Requirement:          0.000ns
  Data Path Delay:      0.209ns (Levels of Logic = 0)
  Clock Path Skew:      0.030ns (0.316 - 0.286)
  Source Clock:         clk_100mhz_BUFGP rising at 10.000ns
  Destination Clock:    clk_100mhz_BUFGP rising at 10.000ns
  Clock Uncertainty:    0.000ns

  Minimum Data Path at Fast Process Corner: U8/clkdiv_20 to U6/M2/Go_0
    Location             Delay type         Delay(ns)  Physical Resource
                                                       Logical Resource(s)
    -------------------------------------------------  -------------------
    SLICE_X42Y77.AQ      Tcko                  0.118   U8/clkdiv<23>
                                                       U8/clkdiv_20
    SLICE_X38Y77.AX      net (fanout=5)        0.128   U8/clkdiv<20>
    SLICE_X38Y77.CLK     Tckdi       (-Th)     0.037   U6/M2/Go<1>
                                                       U6/M2/Go_0
    -------------------------------------------------  ---------------------------
    Total                                      0.209ns (0.081ns logic, 0.128ns route)
                                                       (38.8% logic, 61.2% route)

--------------------------------------------------------------------------------

Paths for end point U6/M2/S_0 (SLICE_X36Y73.A6), 1 path
--------------------------------------------------------------------------------
Slack (hold path):      0.196ns (requirement - (clock path skew + uncertainty - data path))
  Source:               U6/M2/state_FSM_FFd1 (FF)
  Destination:          U6/M2/S_0 (FF)
  Requirement:          0.000ns
  Data Path Delay:      0.208ns (Levels of Logic = 1)
  Clock Path Skew:      0.012ns (0.064 - 0.052)
  Source Clock:         clk_100mhz_BUFGP rising at 10.000ns
  Destination Clock:    clk_100mhz_BUFGP rising at 10.000ns
  Clock Uncertainty:    0.000ns

  Minimum Data Path at Fast Process Corner: U6/M2/state_FSM_FFd1 to U6/M2/S_0
    Location             Delay type         Delay(ns)  Physical Resource
                                                       Logical Resource(s)
    -------------------------------------------------  -------------------
    SLICE_X36Y74.AQ      Tcko                  0.100   U6/M2/state_FSM_FFd1
                                                       U6/M2/state_FSM_FFd1
    SLICE_X36Y73.A6      net (fanout=5)        0.140   U6/M2/state_FSM_FFd1
    SLICE_X36Y73.CLK     Tah         (-Th)     0.032   U6/M2/S<1>
                                                       U6/M2/state[1]_PWR_1_o_select_17_OUT<0>1
                                                       U6/M2/S_0
    -------------------------------------------------  ---------------------------
    Total                                      0.208ns (0.068ns logic, 0.140ns route)
                                                       (32.7% logic, 67.3% route)

--------------------------------------------------------------------------------

Component Switching Limit Checks: TS_CLK_100M = PERIOD TIMEGRP "TM_CLK" 10 ns HIGH 50%;
--------------------------------------------------------------------------------
Slack: 7.817ns (period - min period limit)
  Period: 10.000ns
  Min period limit: 2.183ns (458.085MHz) (Trper_CLKA)
  Physical resource: U3/U0/xst_blk_mem_generator/gnativebmg.native_blk_mem_gen/valid.cstr/ramloop[0].ram.r/v6_init.ram/NO_BMM_INFO.SP.SIMPLE_PRIM36.ram/CLKARDCLKL
  Logical resource: U3/U0/xst_blk_mem_generator/gnativebmg.native_blk_mem_gen/valid.cstr/ramloop[0].ram.r/v6_init.ram/NO_BMM_INFO.SP.SIMPLE_PRIM36.ram/CLKARDCLKL
  Location pin: RAMB36_X3Y10.CLKARDCLKL
  Clock network: clk_100mhz_BUFGP
--------------------------------------------------------------------------------
Slack: 7.817ns (period - min period limit)
  Period: 10.000ns
  Min period limit: 2.183ns (458.085MHz) (Trper_CLKA)
  Physical resource: U3/U0/xst_blk_mem_generator/gnativebmg.native_blk_mem_gen/valid.cstr/ramloop[0].ram.r/v6_init.ram/NO_BMM_INFO.SP.SIMPLE_PRIM36.ram/CLKARDCLKU
  Logical resource: U3/U0/xst_blk_mem_generator/gnativebmg.native_blk_mem_gen/valid.cstr/ramloop[0].ram.r/v6_init.ram/NO_BMM_INFO.SP.SIMPLE_PRIM36.ram/CLKARDCLKU
  Location pin: RAMB36_X3Y10.CLKARDCLKU
  Clock network: clk_100mhz_BUFGP
--------------------------------------------------------------------------------
Slack: 7.817ns (period - min period limit)
  Period: 10.000ns
  Min period limit: 2.183ns (458.085MHz) (Trper_CLKB)
  Physical resource: U3/U0/xst_blk_mem_generator/gnativebmg.native_blk_mem_gen/valid.cstr/ramloop[0].ram.r/v6_init.ram/NO_BMM_INFO.SP.SIMPLE_PRIM36.ram/CLKBWRCLKL
  Logical resource: U3/U0/xst_blk_mem_generator/gnativebmg.native_blk_mem_gen/valid.cstr/ramloop[0].ram.r/v6_init.ram/NO_BMM_INFO.SP.SIMPLE_PRIM36.ram/CLKBWRCLKL
  Location pin: RAMB36_X3Y10.CLKBWRCLKL
  Clock network: clk_100mhz_BUFGP
--------------------------------------------------------------------------------


All constraints were met.


Data Sheet report:
-----------------
All values displayed in nanoseconds (ns)

Clock to Setup on destination clock clk_100mhz
---------------+---------+---------+---------+---------+
               | Src:Rise| Src:Fall| Src:Rise| Src:Fall|
Source Clock   |Dest:Rise|Dest:Rise|Dest:Fall|Dest:Fall|
---------------+---------+---------+---------+---------+
clk_100mhz     |    4.616|         |         |         |
---------------+---------+---------+---------+---------+


Timing summary:
---------------

Timing errors: 0  Score: 0  (Setup/Max: 0, Hold: 0)

Constraints cover 5103 paths, 0 nets, and 648 connections

Design statistics:
   Minimum period:   4.616ns{1}   (Maximum frequency: 216.638MHz)


------------------------------------Footnotes-----------------------------------
1)  The minimum period statistic assumes all single cycle delays.

Analysis completed Tue May 02 15:32:35 2017 
--------------------------------------------------------------------------------

Trace Settings:
-------------------------
Trace Settings 

Peak Memory Usage: 787 MB



